This file contains any messages produced by compilers while
running configure, to aid debugging if configure makes a mistake.

It was created by configure, which was
generated by GNU Autoconf 2.63.  Invocation command line was

  $ .././configure --srcdir=.. --enable-builddir=Darwin_10.4.0_i386.d

## --------- ##
## Platform. ##
## --------- ##

hostname = American-Gigolo.local
uname -m = i386
uname -r = 10.4.0
uname -s = Darwin
uname -v = Darwin Kernel Version 10.4.0: Fri Apr 23 18:28:53 PDT 2010; root:xnu-1504.7.4~1/RELEASE_I386

/usr/bin/uname -p = i386
/bin/uname -X     = unknown

/bin/arch              = unknown
/usr/bin/arch -k       = unknown
/usr/convex/getsysinfo = unknown
/usr/bin/hostinfo      = Mach kernel version:
	 Darwin Kernel Version 10.4.0: Fri Apr 23 18:28:53 PDT 2010; root:xnu-1504.7.4~1/RELEASE_I386
Kernel configured for up to 2 processors.
2 processors are physically available.
2 processors are logically available.
Processor type: i486 (Intel 80486)
Processors active: 0 1
Primary memory available: 8.00 gigabytes
Default processor set: 83 tasks, 404 threads, 2 processors
Load average: 2.87, Mach factor: 0.86
/bin/machine           = unknown
/usr/bin/oslevel       = unknown
/bin/universe          = unknown

PATH: /Library/Frameworks/Python.framework/Versions/3.1/bin
PATH: /usr/local/cuda/bin
PATH: /Library/Frameworks/Python.framework/Versions/Current/bin
PATH: /bin
PATH: /sbin
PATH: /opt/subversion/bin
PATH: /usr/bin
PATH: /usr/sbin
PATH: /usr/bin
PATH: /bin
PATH: /usr/sbin
PATH: /sbin
PATH: /usr/local/bin
PATH: /usr/X11/bin
PATH: /usr/local/bin
PATH: /usr/local/sbin
PATH: /Users/davidrogers/bin
PATH: /Developer/android-sdk/tools


## ----------- ##
## Core tests. ##
## ----------- ##

configure:2132: checking build system type
configure:2150: result: i386-apple-darwin10.4.0
configure:2172: checking host system type
configure:2187: result: i386-apple-darwin10.4.0
configure:2209: checking target system type
configure:2224: result: i386-apple-darwin10.4.0
configure:2351: checking for gsed
configure:2382: result: sed
configure:2396: checking default prefix path
configure:2418: result: /usr/local 
configure:2422: checking default prefix system
configure:2479: result: is /local-package
configure:2496: result: ...using thread-safe linkage
configure:2503: checking zlib install prefix
configure:2526: result: none
configure:2563: checking rpm spec file
configure:2604: result: ../zziplib.spec
configure:2612: checking for spec package
configure:2646: result: zziplib 
configure:2649: checking for spec version
configure:2689: result: 0.13.59 
configure:2692: checking for spec license type
configure:2752: result: GNU LGPL 
configure:2755: checking for spec summary
configure:2788: result: ZZipLib - libZ-based ZIP-access Library 
configure:2791: checking for spec category
configure:2825: result: Development/Libraries 
configure:2828: checking for spec icon
configure:2858: result: zziplib-icon.png (fallback)
configure:2878: checking for a BSD-compatible install
configure:2946: result: /usr/bin/install -c
configure:2957: checking whether build environment is sane
configure:3017: result: yes
configure:3158: checking for a thread-safe mkdir -p
configure:3197: result: ../uses/install-sh -c -d
configure:3210: checking for gawk
configure:3240: result: no
configure:3210: checking for mawk
configure:3240: result: no
configure:3210: checking for nawk
configure:3240: result: no
configure:3210: checking for awk
configure:3226: found /usr/bin/awk
configure:3237: result: awk
configure:3248: checking whether make sets $(MAKE)
configure:3270: result: yes
configure:3400: checking for gcc
configure:3416: found /usr/bin/gcc
configure:3427: result: gcc
configure:3659: checking for C compiler version
configure:3667: gcc --version >&5
i686-apple-darwin10-gcc-4.2.1 (GCC) 4.2.1 (Apple Inc. build 5664)
Copyright (C) 2007 Free Software Foundation, Inc.
This is free software; see the source for copying conditions.  There is NO
warranty; not even for MERCHANTABILITY or FITNESS FOR A PARTICULAR PURPOSE.

configure:3671: $? = 0
configure:3678: gcc -v >&5
Using built-in specs.
Target: i686-apple-darwin10
Configured with: /var/tmp/gcc/gcc-5664~38/src/configure --disable-checking --enable-werror --prefix=/usr --mandir=/share/man --enable-languages=c,objc,c++,obj-c++ --program-transform-name=/^[cg][^.-]*$/s/$/-4.2/ --with-slibdir=/usr/lib --build=i686-apple-darwin10 --program-prefix=i686-apple-darwin10- --host=x86_64-apple-darwin10 --target=i686-apple-darwin10 --with-gxx-include-dir=/include/c++/4.2.1
Thread model: posix
gcc version 4.2.1 (Apple Inc. build 5664)
configure:3682: $? = 0
configure:3689: gcc -V >&5
gcc-4.2: argument to `-V' is missing
configure:3693: $? = 1
configure:3716: checking for C compiler default output file name
configure:3738: gcc    conftest.c  >&5
configure:3742: $? = 0
configure:3780: result: a.out
configure:3799: checking whether the C compiler works
configure:3809: ./a.out
configure:3813: $? = 0
configure:3832: result: yes
configure:3839: checking whether we are cross compiling
configure:3841: result: no
configure:3844: checking for suffix of executables
configure:3851: gcc -o conftest    conftest.c  >&5
configure:3855: $? = 0
configure:3881: result: 
configure:3887: checking for suffix of object files
configure:3913: gcc -c   conftest.c >&5
configure:3917: $? = 0
configure:3942: result: o
configure:3946: checking whether we are using the GNU C compiler
configure:3975: gcc -c   conftest.c >&5
configure:3982: $? = 0
configure:3999: result: yes
configure:4008: checking whether gcc accepts -g
configure:4038: gcc -c -g  conftest.c >&5
configure:4045: $? = 0
configure:4146: result: yes
configure:4163: checking for gcc option to accept ISO C89
configure:4237: gcc  -c -g -O2  conftest.c >&5
configure:4244: $? = 0
configure:4267: result: none needed
configure:4296: checking for style of include used by make
configure:4324: result: GNU
configure:4349: checking dependency style of gcc
configure:4459: result: gcc3
configure:4488: checking for a BSD-compatible install
configure:4556: result: /usr/bin/install -c
configure:4895: checking for a sed that does not truncate output
configure:4961: result: /usr/bin/sed
configure:4979: checking for grep that handles long lines and -e
configure:5039: result: /usr/bin/grep
configure:5044: checking for egrep
configure:5108: result: /usr/bin/grep -E
configure:5113: checking for fgrep
configure:5177: result: /usr/bin/grep -F
configure:5212: checking for ld used by gcc
configure:5279: result: /usr/libexec/gcc/i686-apple-darwin10/4.2.1/ld
configure:5288: checking if the linker (/usr/libexec/gcc/i686-apple-darwin10/4.2.1/ld) is GNU ld
configure:5303: result: no
configure:5315: checking for BSD- or MS-compatible name lister (nm)
configure:5364: result: /usr/bin/nm
configure:5482: checking the name lister (/usr/bin/nm) interface
configure:5489: gcc -c -g -O2  conftest.c >&5
configure:5492: /usr/bin/nm "conftest.o"
configure:5495: output
00000000000001b8 D _some_variable
configure:5502: result: BSD nm
configure:5505: checking whether ln -s works
configure:5509: result: yes
configure:5517: checking the maximum length of command line arguments
configure:5637: result: 196608
configure:5654: checking whether the shell understands some XSI constructs
configure:5664: result: yes
configure:5668: checking whether the shell understands "+="
configure:5674: result: yes
configure:5709: checking for /usr/libexec/gcc/i686-apple-darwin10/4.2.1/ld option to reload object files
configure:5716: result: -r
configure:5785: checking for objdump
configure:5812: result: objdump
configure:5841: checking how to recognize dependent libraries
configure:6037: result: pass_all
configure:6097: checking for ar
configure:6113: found /usr/bin/ar
configure:6124: result: ar
configure:6202: checking for strip
configure:6218: found /usr/bin/strip
configure:6229: result: strip
configure:6301: checking for ranlib
configure:6317: found /usr/bin/ranlib
configure:6328: result: ranlib
configure:6418: checking command to parse /usr/bin/nm output from gcc object
configure:6536: gcc -c -g -O2  conftest.c >&5
configure:6539: $? = 0
configure:6543: /usr/bin/nm conftest.o \| sed -n -e 's/^.*[	 ]\([BCDEGRST][BCDEGRST]*\)[	 ][	 ]*\([_A-Za-z][_A-Za-z0-9]*\)$/\1 \2 \2/p' \> conftest.nm
configure:6546: $? = 0
cannot find nm_test_var in conftest.nm
configure:6536: gcc -c -g -O2  conftest.c >&5
configure:6539: $? = 0
configure:6543: /usr/bin/nm conftest.o \| sed -n -e 's/^.*[	 ]\([BCDEGRST][BCDEGRST]*\)[	 ][	 ]*_\([_A-Za-z][_A-Za-z0-9]*\)$/\1 _\2 \2/p' \> conftest.nm
configure:6546: $? = 0
configure:6600: gcc -o conftest -g -O2   conftest.c conftstm.o >&5
configure:6603: $? = 0
configure:6641: result: ok
configure:6935: checking for dsymutil
configure:6951: found /usr/bin/dsymutil
configure:6962: result: dsymutil
configure:7027: checking for nmedit
configure:7043: found /usr/bin/nmedit
configure:7054: result: nmedit
configure:7119: checking for lipo
configure:7135: found /usr/bin/lipo
configure:7146: result: lipo
configure:7211: checking for otool
configure:7227: found /usr/bin/otool
configure:7238: result: otool
configure:7303: checking for otool64
configure:7333: result: no
configure:7378: checking for -single_module linker flag
gcc -g -O2  -o libconftest.dylib -dynamiclib -Wl,-single_module conftest.c
configure:7405: result: yes
configure:7407: checking for -exported_symbols_list linker flag
configure:7437: gcc -o conftest -g -O2   -Wl,-exported_symbols_list,conftest.sym conftest.c  >&5
configure:7444: $? = 0
configure:7466: result: yes
configure:7508: checking how to run the C preprocessor
configure:7548: gcc -E  conftest.c
configure:7555: $? = 0
configure:7586: gcc -E  conftest.c
conftest.c:10:28: error: ac_nonexistent.h: No such file or directory
configure:7593: $? = 1
configure: failed program was:
| /* confdefs.h.  */
| #define PACKAGE_NAME ""
| #define PACKAGE_TARNAME ""
| #define PACKAGE_VERSION ""
| #define PACKAGE_STRING ""
| #define PACKAGE_BUGREPORT ""
| #define PACKAGE "zziplib"
| #define VERSION "0.13.59"
| /* end confdefs.h.  */
| #include <ac_nonexistent.h>
configure:7626: result: gcc -E
configure:7655: gcc -E  conftest.c
configure:7662: $? = 0
configure:7693: gcc -E  conftest.c
conftest.c:10:28: error: ac_nonexistent.h: No such file or directory
configure:7700: $? = 1
configure: failed program was:
| /* confdefs.h.  */
| #define PACKAGE_NAME ""
| #define PACKAGE_TARNAME ""
| #define PACKAGE_VERSION ""
| #define PACKAGE_STRING ""
| #define PACKAGE_BUGREPORT ""
| #define PACKAGE "zziplib"
| #define VERSION "0.13.59"
| /* end confdefs.h.  */
| #include <ac_nonexistent.h>
configure:7740: checking for ANSI C header files
configure:7770: gcc -c -g -O2  conftest.c >&5
configure:7777: $? = 0
configure:7876: gcc -o conftest -g -O2   conftest.c  >&5
configure:7880: $? = 0
configure:7886: ./conftest
configure:7890: $? = 0
configure:7908: result: yes
configure:7932: checking for sys/types.h
configure:7953: gcc -c -g -O2  conftest.c >&5
configure:7960: $? = 0
configure:7977: result: yes
configure:7932: checking for sys/stat.h
configure:7953: gcc -c -g -O2  conftest.c >&5
configure:7960: $? = 0
configure:7977: result: yes
configure:7932: checking for stdlib.h
configure:7953: gcc -c -g -O2  conftest.c >&5
configure:7960: $? = 0
configure:7977: result: yes
configure:7932: checking for string.h
configure:7953: gcc -c -g -O2  conftest.c >&5
configure:7960: $? = 0
configure:7977: result: yes
configure:7932: checking for memory.h
configure:7953: gcc -c -g -O2  conftest.c >&5
configure:7960: $? = 0
configure:7977: result: yes
configure:7932: checking for strings.h
configure:7953: gcc -c -g -O2  conftest.c >&5
configure:7960: $? = 0
configure:7977: result: yes
configure:7932: checking for inttypes.h
configure:7953: gcc -c -g -O2  conftest.c >&5
configure:7960: $? = 0
configure:7977: result: yes
configure:7932: checking for stdint.h
configure:7953: gcc -c -g -O2  conftest.c >&5
configure:7960: $? = 0
configure:7977: result: yes
configure:7932: checking for unistd.h
configure:7953: gcc -c -g -O2  conftest.c >&5
configure:7960: $? = 0
configure:7977: result: yes
configure:7995: checking for dlfcn.h
configure:8016: gcc -c -g -O2  conftest.c >&5
configure:8023: $? = 0
configure:8040: result: yes
configure:8224: checking for objdir
configure:8239: result: .libs
configure:8535: checking if gcc supports -fno-rtti -fno-exceptions
configure:8553: gcc -c -g -O2  -fno-rtti -fno-exceptions conftest.c >&5
cc1: warning: command line option "-fno-rtti" is valid for C++/ObjC++ but not for C
configure:8557: $? = 0
configure:8570: result: no
configure:8590: checking for gcc option to produce PIC
configure:8862: result: -fno-common -DPIC
configure:8874: checking if gcc PIC flag -fno-common -DPIC works
configure:8892: gcc -c -g -O2  -fno-common -DPIC -DPIC conftest.c >&5
configure:8896: $? = 0
configure:8909: result: yes
configure:8933: checking if gcc static flag -static works
configure:8961: result: no
configure:8976: checking if gcc supports -c -o file.o
configure:8997: gcc -c -g -O2  -o out/conftest2.o conftest.c >&5
configure:9001: $? = 0
configure:9023: result: yes
configure:9031: checking if gcc supports -c -o file.o
configure:9078: result: yes
configure:9111: checking whether the gcc linker (/usr/libexec/gcc/i686-apple-darwin10/4.2.1/ld) supports shared libraries
configure:10185: result: yes
configure:10424: checking dynamic linker characteristics
configure:11107: result: darwin10.4.0 dyld
configure:11209: checking how to hardcode library paths into programs
configure:11234: result: immediate
configure:12067: checking whether stripping libraries is possible
configure:12081: result: yes
configure:12107: checking if libtool supports shared libraries
configure:12109: result: yes
configure:12112: checking whether to build shared libraries
configure:12133: result: yes
configure:12136: checking whether to build static libraries
configure:12140: result: yes
configure:12176: checking out linker version info 0.13.59 
configure:12192: result: /0/13:59 (-0.so.13.0.59)
configure:12199: result: creating zzip/_msvc.in via zzip/_msvc.sed of config.h.in
configure:12210: checking whether to enable maintainer-specific portions of Makefiles
configure:12219: result: no
configure:12238: checking our pkgconfig libname
configure:12246: result: zziplib
configure:12249: checking our pkgconfig version
configure:12257: result: 0.13.59
configure:12260: checking our pkgconfig_libdir
configure:12267: result: ${libdir}/pkgconfig
configure:12270: result: expanded our pkgconfig_libdir... /usr/local/lib/pkgconfig
configure:12274: checking our pkgconfig_libfile
configure:12280: result: zziplib.pc
configure:12287: checking our package / suffix
configure:12291: result: zziplib / 
configure:12294: checking our pkgconfig description
configure:12301: result: ZZipLib - libZ-based ZIP-access Library
configure:12304: checking our pkgconfig requires
configure:12309: result: zzip-zlib-config
configure:12312: checking our pkgconfig ext libs
configure:12319: result: -lzzip
configure:12322: checking our pkgconfig cppflags
configure:12327: result: 
configure:12330: checking our pkgconfig ldflags
configure:12335: result: 
configure:12343: result: generate the pkgconfig later... zzip/zziplib.pc
configure:12375: result: noninstalled pkgconfig -L /Users/davidrogers/Documents/Development/Ogre/iPhoneDependencies/zziplib/Darwin_10.4.0_i386.d/zzip/.libs
configure:12410: result: noninstalled pkgconfig -I /Users/davidrogers/Documents/Development/Ogre/iPhoneDependencies/zziplib/Darwin_10.4.0_i386.d/..
configure:12423: checking for pax
configure:12441: found /bin/pax
configure:12454: result: /bin/pax
configure:12598: checking for portable tar tool
configure:12600: result: pax
configure:12606: checking for pax single archive option
configure:12609: "$ac_cv_path_PAX" -w -O -f conftest.tar conftest.txt
configure:12612: $? = 0
configure:12619: result: -O (probably a BSD pax)
configure:12623: checking for command to create portable tar archives
configure:12636: result: '/bin/pax' -w -O -f
configure:12848: checking for command to extract portable tar archives
configure:12861: result: '/bin/pax' -r -O -f
configure:12872: checking for perl5
configure:12905: result: no
configure:12872: checking for perl
configure:12890: found /usr/bin/perl
configure:12902: result: /usr/bin/perl
configure:12918: checking for python
configure:12936: found /usr/bin/python
configure:12948: result: /usr/bin/python
configure:12964: checking for zip
configure:12982: found /usr/bin/zip
configure:12994: result: /usr/bin/zip
configure:13010: checking for xmlto
configure:13043: result: no
configure:13053: checking for inline
configure:13079: gcc -c -g -O2  conftest.c >&5
configure:13086: $? = 0
configure:13104: result: inline
configure:13123: checking for an ANSI C-conforming const
configure:13198: gcc -c -g -O2  conftest.c >&5
configure:13205: $? = 0
configure:13220: result: yes
configure:13230: checking for C restrict keyword
configure:13270: gcc -c -g -O2  conftest.c >&5
conftest.c: In function 'main':
conftest.c:26: error: nested functions are disabled, use -fnested-functions to re-enable
conftest.c:26: error: expected '=', ',', ';', 'asm' or '__attribute__' before 'x'
conftest.c:26: error: 'x' undeclared (first use in this function)
conftest.c:26: error: (Each undeclared identifier is reported only once
conftest.c:26: error: for each function it appears in.)
configure:13277: $? = 1
configure: failed program was:
| /* confdefs.h.  */
| #define PACKAGE_NAME ""
| #define PACKAGE_TARNAME ""
| #define PACKAGE_VERSION ""
| #define PACKAGE_STRING ""
| #define PACKAGE_BUGREPORT ""
| #define PACKAGE "zziplib"
| #define VERSION "0.13.59"
| #define STDC_HEADERS 1
| #define HAVE_SYS_TYPES_H 1
| #define HAVE_SYS_STAT_H 1
| #define HAVE_STDLIB_H 1
| #define HAVE_STRING_H 1
| #define HAVE_MEMORY_H 1
| #define HAVE_STRINGS_H 1
| #define HAVE_INTTYPES_H 1
| #define HAVE_STDINT_H 1
| #define HAVE_UNISTD_H 1
| #define HAVE_DLFCN_H 1
| #define LT_OBJDIR ".libs/"
| /* end confdefs.h.  */
| 
| int
| main ()
| {
| float * restrict x;
|   ;
|   return 0;
| }
configure:13270: gcc -c -g -O2  conftest.c >&5
configure:13277: $? = 0
configure:13300: result: __restrict__
configure:13312: checking for ANSI C header files
configure:13480: result: yes
configure:13498: checking for dirent.h that defines DIR
configure:13527: gcc -c -g -O2  conftest.c >&5
configure:13534: $? = 0
configure:13551: result: yes
configure:13566: checking for library containing opendir
configure:13607: gcc -o conftest -g -O2   conftest.c  >&5
configure:13614: $? = 0
configure:13645: result: none required
configure:13753: checking for stdint.h
configure:13760: result: yes
configure:13753: checking for unistd.h
configure:13760: result: yes
configure:13764: checking windows.h usability
configure:13781: gcc -c -g -O2  conftest.c >&5
conftest.c:60:21: error: windows.h: No such file or directory
configure:13788: $? = 1
configure: failed program was:
| /* confdefs.h.  */
| #define PACKAGE_NAME ""
| #define PACKAGE_TARNAME ""
| #define PACKAGE_VERSION ""
| #define PACKAGE_STRING ""
| #define PACKAGE_BUGREPORT ""
| #define PACKAGE "zziplib"
| #define VERSION "0.13.59"
| #define STDC_HEADERS 1
| #define HAVE_SYS_TYPES_H 1
| #define HAVE_SYS_STAT_H 1
| #define HAVE_STDLIB_H 1
| #define HAVE_STRING_H 1
| #define HAVE_MEMORY_H 1
| #define HAVE_STRINGS_H 1
| #define HAVE_INTTYPES_H 1
| #define HAVE_STDINT_H 1
| #define HAVE_UNISTD_H 1
| #define HAVE_DLFCN_H 1
| #define LT_OBJDIR ".libs/"
| #define restrict __restrict__
| #define STDC_HEADERS 1
| #define HAVE_DIRENT_H 1
| #define HAVE_STDINT_H 1
| #define HAVE_UNISTD_H 1
| /* end confdefs.h.  */
| #include <stdio.h>
| #ifdef HAVE_SYS_TYPES_H
| # include <sys/types.h>
| #endif
| #ifdef HAVE_SYS_STAT_H
| # include <sys/stat.h>
| #endif
| #ifdef STDC_HEADERS
| # include <stdlib.h>
| # include <stddef.h>
| #else
| # ifdef HAVE_STDLIB_H
| #  include <stdlib.h>
| # endif
| #endif
| #ifdef HAVE_STRING_H
| # if !defined STDC_HEADERS && defined HAVE_MEMORY_H
| #  include <memory.h>
| # endif
| # include <string.h>
| #endif
| #ifdef HAVE_STRINGS_H
| # include <strings.h>
| #endif
| #ifdef HAVE_INTTYPES_H
| # include <inttypes.h>
| #endif
| #ifdef HAVE_STDINT_H
| # include <stdint.h>
| #endif
| #ifdef HAVE_UNISTD_H
| # include <unistd.h>
| #endif
| #include <windows.h>
configure:13802: result: no
configure:13806: checking windows.h presence
configure:13821: gcc -E  conftest.c
conftest.c:27:21: error: windows.h: No such file or directory
configure:13828: $? = 1
configure: failed program was:
| /* confdefs.h.  */
| #define PACKAGE_NAME ""
| #define PACKAGE_TARNAME ""
| #define PACKAGE_VERSION ""
| #define PACKAGE_STRING ""
| #define PACKAGE_BUGREPORT ""
| #define PACKAGE "zziplib"
| #define VERSION "0.13.59"
| #define STDC_HEADERS 1
| #define HAVE_SYS_TYPES_H 1
| #define HAVE_SYS_STAT_H 1
| #define HAVE_STDLIB_H 1
| #define HAVE_STRING_H 1
| #define HAVE_MEMORY_H 1
| #define HAVE_STRINGS_H 1
| #define HAVE_INTTYPES_H 1
| #define HAVE_STDINT_H 1
| #define HAVE_UNISTD_H 1
| #define HAVE_DLFCN_H 1
| #define LT_OBJDIR ".libs/"
| #define restrict __restrict__
| #define STDC_HEADERS 1
| #define HAVE_DIRENT_H 1
| #define HAVE_STDINT_H 1
| #define HAVE_UNISTD_H 1
| /* end confdefs.h.  */
| #include <windows.h>
configure:13842: result: no
configure:13870: checking for windows.h
configure:13879: result: no
configure:13764: checking winnt.h usability
configure:13781: gcc -c -g -O2  conftest.c >&5
conftest.c:60:19: error: winnt.h: No such file or directory
configure:13788: $? = 1
configure: failed program was:
| /* confdefs.h.  */
| #define PACKAGE_NAME ""
| #define PACKAGE_TARNAME ""
| #define PACKAGE_VERSION ""
| #define PACKAGE_STRING ""
| #define PACKAGE_BUGREPORT ""
| #define PACKAGE "zziplib"
| #define VERSION "0.13.59"
| #define STDC_HEADERS 1
| #define HAVE_SYS_TYPES_H 1
| #define HAVE_SYS_STAT_H 1
| #define HAVE_STDLIB_H 1
| #define HAVE_STRING_H 1
| #define HAVE_MEMORY_H 1
| #define HAVE_STRINGS_H 1
| #define HAVE_INTTYPES_H 1
| #define HAVE_STDINT_H 1
| #define HAVE_UNISTD_H 1
| #define HAVE_DLFCN_H 1
| #define LT_OBJDIR ".libs/"
| #define restrict __restrict__
| #define STDC_HEADERS 1
| #define HAVE_DIRENT_H 1
| #define HAVE_STDINT_H 1
| #define HAVE_UNISTD_H 1
| /* end confdefs.h.  */
| #include <stdio.h>
| #ifdef HAVE_SYS_TYPES_H
| # include <sys/types.h>
| #endif
| #ifdef HAVE_SYS_STAT_H
| # include <sys/stat.h>
| #endif
| #ifdef STDC_HEADERS
| # include <stdlib.h>
| # include <stddef.h>
| #else
| # ifdef HAVE_STDLIB_H
| #  include <stdlib.h>
| # endif
| #endif
| #ifdef HAVE_STRING_H
| # if !defined STDC_HEADERS && defined HAVE_MEMORY_H
| #  include <memory.h>
| # endif
| # include <string.h>
| #endif
| #ifdef HAVE_STRINGS_H
| # include <strings.h>
| #endif
| #ifdef HAVE_INTTYPES_H
| # include <inttypes.h>
| #endif
| #ifdef HAVE_STDINT_H
| # include <stdint.h>
| #endif
| #ifdef HAVE_UNISTD_H
| # include <unistd.h>
| #endif
| #include <winnt.h>
configure:13802: result: no
configure:13806: checking winnt.h presence
configure:13821: gcc -E  conftest.c
conftest.c:27:19: error: winnt.h: No such file or directory
configure:13828: $? = 1
configure: failed program was:
| /* confdefs.h.  */
| #define PACKAGE_NAME ""
| #define PACKAGE_TARNAME ""
| #define PACKAGE_VERSION ""
| #define PACKAGE_STRING ""
| #define PACKAGE_BUGREPORT ""
| #define PACKAGE "zziplib"
| #define VERSION "0.13.59"
| #define STDC_HEADERS 1
| #define HAVE_SYS_TYPES_H 1
| #define HAVE_SYS_STAT_H 1
| #define HAVE_STDLIB_H 1
| #define HAVE_STRING_H 1
| #define HAVE_MEMORY_H 1
| #define HAVE_STRINGS_H 1
| #define HAVE_INTTYPES_H 1
| #define HAVE_STDINT_H 1
| #define HAVE_UNISTD_H 1
| #define HAVE_DLFCN_H 1
| #define LT_OBJDIR ".libs/"
| #define restrict __restrict__
| #define STDC_HEADERS 1
| #define HAVE_DIRENT_H 1
| #define HAVE_STDINT_H 1
| #define HAVE_UNISTD_H 1
| /* end confdefs.h.  */
| #include <winnt.h>
configure:13842: result: no
configure:13870: checking for winnt.h
configure:13879: result: no
configure:13764: checking winbase.h usability
configure:13781: gcc -c -g -O2  conftest.c >&5
conftest.c:60:21: error: winbase.h: No such file or directory
configure:13788: $? = 1
configure: failed program was:
| /* confdefs.h.  */
| #define PACKAGE_NAME ""
| #define PACKAGE_TARNAME ""
| #define PACKAGE_VERSION ""
| #define PACKAGE_STRING ""
| #define PACKAGE_BUGREPORT ""
| #define PACKAGE "zziplib"
| #define VERSION "0.13.59"
| #define STDC_HEADERS 1
| #define HAVE_SYS_TYPES_H 1
| #define HAVE_SYS_STAT_H 1
| #define HAVE_STDLIB_H 1
| #define HAVE_STRING_H 1
| #define HAVE_MEMORY_H 1
| #define HAVE_STRINGS_H 1
| #define HAVE_INTTYPES_H 1
| #define HAVE_STDINT_H 1
| #define HAVE_UNISTD_H 1
| #define HAVE_DLFCN_H 1
| #define LT_OBJDIR ".libs/"
| #define restrict __restrict__
| #define STDC_HEADERS 1
| #define HAVE_DIRENT_H 1
| #define HAVE_STDINT_H 1
| #define HAVE_UNISTD_H 1
| /* end confdefs.h.  */
| #include <stdio.h>
| #ifdef HAVE_SYS_TYPES_H
| # include <sys/types.h>
| #endif
| #ifdef HAVE_SYS_STAT_H
| # include <sys/stat.h>
| #endif
| #ifdef STDC_HEADERS
| # include <stdlib.h>
| # include <stddef.h>
| #else
| # ifdef HAVE_STDLIB_H
| #  include <stdlib.h>
| # endif
| #endif
| #ifdef HAVE_STRING_H
| # if !defined STDC_HEADERS && defined HAVE_MEMORY_H
| #  include <memory.h>
| # endif
| # include <string.h>
| #endif
| #ifdef HAVE_STRINGS_H
| # include <strings.h>
| #endif
| #ifdef HAVE_INTTYPES_H
| # include <inttypes.h>
| #endif
| #ifdef HAVE_STDINT_H
| # include <stdint.h>
| #endif
| #ifdef HAVE_UNISTD_H
| # include <unistd.h>
| #endif
| #include <winbase.h>
configure:13802: result: no
configure:13806: checking winbase.h presence
configure:13821: gcc -E  conftest.c
conftest.c:27:21: error: winbase.h: No such file or directory
configure:13828: $? = 1
configure: failed program was:
| /* confdefs.h.  */
| #define PACKAGE_NAME ""
| #define PACKAGE_TARNAME ""
| #define PACKAGE_VERSION ""
| #define PACKAGE_STRING ""
| #define PACKAGE_BUGREPORT ""
| #define PACKAGE "zziplib"
| #define VERSION "0.13.59"
| #define STDC_HEADERS 1
| #define HAVE_SYS_TYPES_H 1
| #define HAVE_SYS_STAT_H 1
| #define HAVE_STDLIB_H 1
| #define HAVE_STRING_H 1
| #define HAVE_MEMORY_H 1
| #define HAVE_STRINGS_H 1
| #define HAVE_INTTYPES_H 1
| #define HAVE_STDINT_H 1
| #define HAVE_UNISTD_H 1
| #define HAVE_DLFCN_H 1
| #define LT_OBJDIR ".libs/"
| #define restrict __restrict__
| #define STDC_HEADERS 1
| #define HAVE_DIRENT_H 1
| #define HAVE_STDINT_H 1
| #define HAVE_UNISTD_H 1
| /* end confdefs.h.  */
| #include <winbase.h>
configure:13842: result: no
configure:13870: checking for winbase.h
configure:13879: result: no
configure:13764: checking sys/int_types.h usability
configure:13781: gcc -c -g -O2  conftest.c >&5
conftest.c:60:27: error: sys/int_types.h: No such file or directory
configure:13788: $? = 1
configure: failed program was:
| /* confdefs.h.  */
| #define PACKAGE_NAME ""
| #define PACKAGE_TARNAME ""
| #define PACKAGE_VERSION ""
| #define PACKAGE_STRING ""
| #define PACKAGE_BUGREPORT ""
| #define PACKAGE "zziplib"
| #define VERSION "0.13.59"
| #define STDC_HEADERS 1
| #define HAVE_SYS_TYPES_H 1
| #define HAVE_SYS_STAT_H 1
| #define HAVE_STDLIB_H 1
| #define HAVE_STRING_H 1
| #define HAVE_MEMORY_H 1
| #define HAVE_STRINGS_H 1
| #define HAVE_INTTYPES_H 1
| #define HAVE_STDINT_H 1
| #define HAVE_UNISTD_H 1
| #define HAVE_DLFCN_H 1
| #define LT_OBJDIR ".libs/"
| #define restrict __restrict__
| #define STDC_HEADERS 1
| #define HAVE_DIRENT_H 1
| #define HAVE_STDINT_H 1
| #define HAVE_UNISTD_H 1
| /* end confdefs.h.  */
| #include <stdio.h>
| #ifdef HAVE_SYS_TYPES_H
| # include <sys/types.h>
| #endif
| #ifdef HAVE_SYS_STAT_H
| # include <sys/stat.h>
| #endif
| #ifdef STDC_HEADERS
| # include <stdlib.h>
| # include <stddef.h>
| #else
| # ifdef HAVE_STDLIB_H
| #  include <stdlib.h>
| # endif
| #endif
| #ifdef HAVE_STRING_H
| # if !defined STDC_HEADERS && defined HAVE_MEMORY_H
| #  include <memory.h>
| # endif
| # include <string.h>
| #endif
| #ifdef HAVE_STRINGS_H
| # include <strings.h>
| #endif
| #ifdef HAVE_INTTYPES_H
| # include <inttypes.h>
| #endif
| #ifdef HAVE_STDINT_H
| # include <stdint.h>
| #endif
| #ifdef HAVE_UNISTD_H
| # include <unistd.h>
| #endif
| #include <sys/int_types.h>
configure:13802: result: no
configure:13806: checking sys/int_types.h presence
configure:13821: gcc -E  conftest.c
conftest.c:27:27: error: sys/int_types.h: No such file or directory
configure:13828: $? = 1
configure: failed program was:
| /* confdefs.h.  */
| #define PACKAGE_NAME ""
| #define PACKAGE_TARNAME ""
| #define PACKAGE_VERSION ""
| #define PACKAGE_STRING ""
| #define PACKAGE_BUGREPORT ""
| #define PACKAGE "zziplib"
| #define VERSION "0.13.59"
| #define STDC_HEADERS 1
| #define HAVE_SYS_TYPES_H 1
| #define HAVE_SYS_STAT_H 1
| #define HAVE_STDLIB_H 1
| #define HAVE_STRING_H 1
| #define HAVE_MEMORY_H 1
| #define HAVE_STRINGS_H 1
| #define HAVE_INTTYPES_H 1
| #define HAVE_STDINT_H 1
| #define HAVE_UNISTD_H 1
| #define HAVE_DLFCN_H 1
| #define LT_OBJDIR ".libs/"
| #define restrict __restrict__
| #define STDC_HEADERS 1
| #define HAVE_DIRENT_H 1
| #define HAVE_STDINT_H 1
| #define HAVE_UNISTD_H 1
| /* end confdefs.h.  */
| #include <sys/int_types.h>
configure:13842: result: no
configure:13870: checking for sys/int_types.h
configure:13879: result: no
configure:13902: checking for sys/types.h
configure:13909: result: yes
configure:13913: checking sys/mman.h usability
configure:13930: gcc -c -g -O2  conftest.c >&5
configure:13937: $? = 0
configure:13951: result: yes
configure:13955: checking sys/mman.h presence
configure:13970: gcc -E  conftest.c
configure:13977: $? = 0
configure:13991: result: yes
configure:14019: checking for sys/mman.h
configure:14028: result: yes
configure:13902: checking for sys/stat.h
configure:13909: result: yes
configure:13913: checking sys/param.h usability
configure:13930: gcc -c -g -O2  conftest.c >&5
configure:13937: $? = 0
configure:13951: result: yes
configure:13955: checking sys/param.h presence
configure:13970: gcc -E  conftest.c
configure:13977: $? = 0
configure:13991: result: yes
configure:14019: checking for sys/param.h
configure:14028: result: yes
configure:14061: checking io.h usability
configure:14078: gcc -c -g -O2  conftest.c >&5
conftest.c:64:16: error: io.h: No such file or directory
configure:14085: $? = 1
configure: failed program was:
| /* confdefs.h.  */
| #define PACKAGE_NAME ""
| #define PACKAGE_TARNAME ""
| #define PACKAGE_VERSION ""
| #define PACKAGE_STRING ""
| #define PACKAGE_BUGREPORT ""
| #define PACKAGE "zziplib"
| #define VERSION "0.13.59"
| #define STDC_HEADERS 1
| #define HAVE_SYS_TYPES_H 1
| #define HAVE_SYS_STAT_H 1
| #define HAVE_STDLIB_H 1
| #define HAVE_STRING_H 1
| #define HAVE_MEMORY_H 1
| #define HAVE_STRINGS_H 1
| #define HAVE_INTTYPES_H 1
| #define HAVE_STDINT_H 1
| #define HAVE_UNISTD_H 1
| #define HAVE_DLFCN_H 1
| #define LT_OBJDIR ".libs/"
| #define restrict __restrict__
| #define STDC_HEADERS 1
| #define HAVE_DIRENT_H 1
| #define HAVE_STDINT_H 1
| #define HAVE_UNISTD_H 1
| #define HAVE_SYS_TYPES_H 1
| #define HAVE_SYS_MMAN_H 1
| #define HAVE_SYS_STAT_H 1
| #define HAVE_SYS_PARAM_H 1
| /* end confdefs.h.  */
| #include <stdio.h>
| #ifdef HAVE_SYS_TYPES_H
| # include <sys/types.h>
| #endif
| #ifdef HAVE_SYS_STAT_H
| # include <sys/stat.h>
| #endif
| #ifdef STDC_HEADERS
| # include <stdlib.h>
| # include <stddef.h>
| #else
| # ifdef HAVE_STDLIB_H
| #  include <stdlib.h>
| # endif
| #endif
| #ifdef HAVE_STRING_H
| # if !defined STDC_HEADERS && defined HAVE_MEMORY_H
| #  include <memory.h>
| # endif
| # include <string.h>
| #endif
| #ifdef HAVE_STRINGS_H
| # include <strings.h>
| #endif
| #ifdef HAVE_INTTYPES_H
| # include <inttypes.h>
| #endif
| #ifdef HAVE_STDINT_H
| # include <stdint.h>
| #endif
| #ifdef HAVE_UNISTD_H
| # include <unistd.h>
| #endif
| #include <io.h>
configure:14099: result: no
configure:14103: checking io.h presence
configure:14118: gcc -E  conftest.c
conftest.c:31:16: error: io.h: No such file or directory
configure:14125: $? = 1
configure: failed program was:
| /* confdefs.h.  */
| #define PACKAGE_NAME ""
| #define PACKAGE_TARNAME ""
| #define PACKAGE_VERSION ""
| #define PACKAGE_STRING ""
| #define PACKAGE_BUGREPORT ""
| #define PACKAGE "zziplib"
| #define VERSION "0.13.59"
| #define STDC_HEADERS 1
| #define HAVE_SYS_TYPES_H 1
| #define HAVE_SYS_STAT_H 1
| #define HAVE_STDLIB_H 1
| #define HAVE_STRING_H 1
| #define HAVE_MEMORY_H 1
| #define HAVE_STRINGS_H 1
| #define HAVE_INTTYPES_H 1
| #define HAVE_STDINT_H 1
| #define HAVE_UNISTD_H 1
| #define HAVE_DLFCN_H 1
| #define LT_OBJDIR ".libs/"
| #define restrict __restrict__
| #define STDC_HEADERS 1
| #define HAVE_DIRENT_H 1
| #define HAVE_STDINT_H 1
| #define HAVE_UNISTD_H 1
| #define HAVE_SYS_TYPES_H 1
| #define HAVE_SYS_MMAN_H 1
| #define HAVE_SYS_STAT_H 1
| #define HAVE_SYS_PARAM_H 1
| /* end confdefs.h.  */
| #include <io.h>
configure:14139: result: no
configure:14167: checking for io.h
configure:14176: result: no
configure:14061: checking direct.h usability
configure:14078: gcc -c -g -O2  conftest.c >&5
conftest.c:64:20: error: direct.h: No such file or directory
configure:14085: $? = 1
configure: failed program was:
| /* confdefs.h.  */
| #define PACKAGE_NAME ""
| #define PACKAGE_TARNAME ""
| #define PACKAGE_VERSION ""
| #define PACKAGE_STRING ""
| #define PACKAGE_BUGREPORT ""
| #define PACKAGE "zziplib"
| #define VERSION "0.13.59"
| #define STDC_HEADERS 1
| #define HAVE_SYS_TYPES_H 1
| #define HAVE_SYS_STAT_H 1
| #define HAVE_STDLIB_H 1
| #define HAVE_STRING_H 1
| #define HAVE_MEMORY_H 1
| #define HAVE_STRINGS_H 1
| #define HAVE_INTTYPES_H 1
| #define HAVE_STDINT_H 1
| #define HAVE_UNISTD_H 1
| #define HAVE_DLFCN_H 1
| #define LT_OBJDIR ".libs/"
| #define restrict __restrict__
| #define STDC_HEADERS 1
| #define HAVE_DIRENT_H 1
| #define HAVE_STDINT_H 1
| #define HAVE_UNISTD_H 1
| #define HAVE_SYS_TYPES_H 1
| #define HAVE_SYS_MMAN_H 1
| #define HAVE_SYS_STAT_H 1
| #define HAVE_SYS_PARAM_H 1
| /* end confdefs.h.  */
| #include <stdio.h>
| #ifdef HAVE_SYS_TYPES_H
| # include <sys/types.h>
| #endif
| #ifdef HAVE_SYS_STAT_H
| # include <sys/stat.h>
| #endif
| #ifdef STDC_HEADERS
| # include <stdlib.h>
| # include <stddef.h>
| #else
| # ifdef HAVE_STDLIB_H
| #  include <stdlib.h>
| # endif
| #endif
| #ifdef HAVE_STRING_H
| # if !defined STDC_HEADERS && defined HAVE_MEMORY_H
| #  include <memory.h>
| # endif
| # include <string.h>
| #endif
| #ifdef HAVE_STRINGS_H
| # include <strings.h>
| #endif
| #ifdef HAVE_INTTYPES_H
| # include <inttypes.h>
| #endif
| #ifdef HAVE_STDINT_H
| # include <stdint.h>
| #endif
| #ifdef HAVE_UNISTD_H
| # include <unistd.h>
| #endif
| #include <direct.h>
configure:14099: result: no
configure:14103: checking direct.h presence
configure:14118: gcc -E  conftest.c
conftest.c:31:20: error: direct.h: No such file or directory
configure:14125: $? = 1
configure: failed program was:
| /* confdefs.h.  */
| #define PACKAGE_NAME ""
| #define PACKAGE_TARNAME ""
| #define PACKAGE_VERSION ""
| #define PACKAGE_STRING ""
| #define PACKAGE_BUGREPORT ""
| #define PACKAGE "zziplib"
| #define VERSION "0.13.59"
| #define STDC_HEADERS 1
| #define HAVE_SYS_TYPES_H 1
| #define HAVE_SYS_STAT_H 1
| #define HAVE_STDLIB_H 1
| #define HAVE_STRING_H 1
| #define HAVE_MEMORY_H 1
| #define HAVE_STRINGS_H 1
| #define HAVE_INTTYPES_H 1
| #define HAVE_STDINT_H 1
| #define HAVE_UNISTD_H 1
| #define HAVE_DLFCN_H 1
| #define LT_OBJDIR ".libs/"
| #define restrict __restrict__
| #define STDC_HEADERS 1
| #define HAVE_DIRENT_H 1
| #define HAVE_STDINT_H 1
| #define HAVE_UNISTD_H 1
| #define HAVE_SYS_TYPES_H 1
| #define HAVE_SYS_MMAN_H 1
| #define HAVE_SYS_STAT_H 1
| #define HAVE_SYS_PARAM_H 1
| /* end confdefs.h.  */
| #include <direct.h>
configure:14139: result: no
configure:14167: checking for direct.h
configure:14176: result: no
configure:14061: checking zlib.h usability
configure:14078: gcc -c -g -O2  conftest.c >&5
configure:14085: $? = 0
configure:14099: result: yes
configure:14103: checking zlib.h presence
configure:14118: gcc -E  conftest.c
configure:14125: $? = 0
configure:14139: result: yes
configure:14167: checking for zlib.h
configure:14176: result: yes
configure:14061: checking byteswap.h usability
configure:14078: gcc -c -g -O2  conftest.c >&5
conftest.c:65:22: error: byteswap.h: No such file or directory
configure:14085: $? = 1
configure: failed program was:
| /* confdefs.h.  */
| #define PACKAGE_NAME ""
| #define PACKAGE_TARNAME ""
| #define PACKAGE_VERSION ""
| #define PACKAGE_STRING ""
| #define PACKAGE_BUGREPORT ""
| #define PACKAGE "zziplib"
| #define VERSION "0.13.59"
| #define STDC_HEADERS 1
| #define HAVE_SYS_TYPES_H 1
| #define HAVE_SYS_STAT_H 1
| #define HAVE_STDLIB_H 1
| #define HAVE_STRING_H 1
| #define HAVE_MEMORY_H 1
| #define HAVE_STRINGS_H 1
| #define HAVE_INTTYPES_H 1
| #define HAVE_STDINT_H 1
| #define HAVE_UNISTD_H 1
| #define HAVE_DLFCN_H 1
| #define LT_OBJDIR ".libs/"
| #define restrict __restrict__
| #define STDC_HEADERS 1
| #define HAVE_DIRENT_H 1
| #define HAVE_STDINT_H 1
| #define HAVE_UNISTD_H 1
| #define HAVE_SYS_TYPES_H 1
| #define HAVE_SYS_MMAN_H 1
| #define HAVE_SYS_STAT_H 1
| #define HAVE_SYS_PARAM_H 1
| #define HAVE_ZLIB_H 1
| /* end confdefs.h.  */
| #include <stdio.h>
| #ifdef HAVE_SYS_TYPES_H
| # include <sys/types.h>
| #endif
| #ifdef HAVE_SYS_STAT_H
| # include <sys/stat.h>
| #endif
| #ifdef STDC_HEADERS
| # include <stdlib.h>
| # include <stddef.h>
| #else
| # ifdef HAVE_STDLIB_H
| #  include <stdlib.h>
| # endif
| #endif
| #ifdef HAVE_STRING_H
| # if !defined STDC_HEADERS && defined HAVE_MEMORY_H
| #  include <memory.h>
| # endif
| # include <string.h>
| #endif
| #ifdef HAVE_STRINGS_H
| # include <strings.h>
| #endif
| #ifdef HAVE_INTTYPES_H
| # include <inttypes.h>
| #endif
| #ifdef HAVE_STDINT_H
| # include <stdint.h>
| #endif
| #ifdef HAVE_UNISTD_H
| # include <unistd.h>
| #endif
| #include <byteswap.h>
configure:14099: result: no
configure:14103: checking byteswap.h presence
configure:14118: gcc -E  conftest.c
conftest.c:32:22: error: byteswap.h: No such file or directory
configure:14125: $? = 1
configure: failed program was:
| /* confdefs.h.  */
| #define PACKAGE_NAME ""
| #define PACKAGE_TARNAME ""
| #define PACKAGE_VERSION ""
| #define PACKAGE_STRING ""
| #define PACKAGE_BUGREPORT ""
| #define PACKAGE "zziplib"
| #define VERSION "0.13.59"
| #define STDC_HEADERS 1
| #define HAVE_SYS_TYPES_H 1
| #define HAVE_SYS_STAT_H 1
| #define HAVE_STDLIB_H 1
| #define HAVE_STRING_H 1
| #define HAVE_MEMORY_H 1
| #define HAVE_STRINGS_H 1
| #define HAVE_INTTYPES_H 1
| #define HAVE_STDINT_H 1
| #define HAVE_UNISTD_H 1
| #define HAVE_DLFCN_H 1
| #define LT_OBJDIR ".libs/"
| #define restrict __restrict__
| #define STDC_HEADERS 1
| #define HAVE_DIRENT_H 1
| #define HAVE_STDINT_H 1
| #define HAVE_UNISTD_H 1
| #define HAVE_SYS_TYPES_H 1
| #define HAVE_SYS_MMAN_H 1
| #define HAVE_SYS_STAT_H 1
| #define HAVE_SYS_PARAM_H 1
| #define HAVE_ZLIB_H 1
| /* end confdefs.h.  */
| #include <byteswap.h>
configure:14139: result: no
configure:14167: checking for byteswap.h
configure:14176: result: no
configure:14207: checking fnmatch.h usability
configure:14224: gcc -c -g -O2  conftest.c >&5
configure:14231: $? = 0
configure:14245: result: yes
configure:14249: checking fnmatch.h presence
configure:14264: gcc -E  conftest.c
configure:14271: $? = 0
configure:14285: result: yes
configure:14313: checking for fnmatch.h
configure:14322: result: yes
configure:14342: checking for strcasecmp
configure:14398: gcc -o conftest -g -O2   conftest.c  >&5
conftest.c:56: warning: conflicting types for built-in function 'strcasecmp'
configure:14405: $? = 0
configure:14427: result: yes
configure:14342: checking for strndup
configure:14398: gcc -o conftest -g -O2   conftest.c  >&5
conftest.c:57: warning: conflicting types for built-in function 'strndup'
Undefined symbols:
  "_strndup", referenced from:
      _main in ccFz5Pnk.o
ld: symbol(s) not found
collect2: ld returned 1 exit status
configure:14405: $? = 1
configure: failed program was:
| /* confdefs.h.  */
| #define PACKAGE_NAME ""
| #define PACKAGE_TARNAME ""
| #define PACKAGE_VERSION ""
| #define PACKAGE_STRING ""
| #define PACKAGE_BUGREPORT ""
| #define PACKAGE "zziplib"
| #define VERSION "0.13.59"
| #define STDC_HEADERS 1
| #define HAVE_SYS_TYPES_H 1
| #define HAVE_SYS_STAT_H 1
| #define HAVE_STDLIB_H 1
| #define HAVE_STRING_H 1
| #define HAVE_MEMORY_H 1
| #define HAVE_STRINGS_H 1
| #define HAVE_INTTYPES_H 1
| #define HAVE_STDINT_H 1
| #define HAVE_UNISTD_H 1
| #define HAVE_DLFCN_H 1
| #define LT_OBJDIR ".libs/"
| #define restrict __restrict__
| #define STDC_HEADERS 1
| #define HAVE_DIRENT_H 1
| #define HAVE_STDINT_H 1
| #define HAVE_UNISTD_H 1
| #define HAVE_SYS_TYPES_H 1
| #define HAVE_SYS_MMAN_H 1
| #define HAVE_SYS_STAT_H 1
| #define HAVE_SYS_PARAM_H 1
| #define HAVE_ZLIB_H 1
| #define HAVE_FNMATCH_H 1
| #define HAVE_STRCASECMP 1
| /* end confdefs.h.  */
| /* Define strndup to an innocuous variant, in case <limits.h> declares strndup.
|    For example, HP-UX 11i <limits.h> declares gettimeofday.  */
| #define strndup innocuous_strndup
| 
| /* System header to define __stub macros and hopefully few prototypes,
|     which can conflict with char strndup (); below.
|     Prefer <limits.h> to <assert.h> if __STDC__ is defined, since
|     <limits.h> exists even on freestanding compilers.  */
| 
| #ifdef __STDC__
| # include <limits.h>
| #else
| # include <assert.h>
| #endif
| 
| #undef strndup
| 
| /* Override any GCC internal prototype to avoid an error.
|    Use char because int might match the return type of a GCC
|    builtin and then its argument prototype would still apply.  */
| #ifdef __cplusplus
| extern "C"
| #endif
| char strndup ();
| /* The GNU C library defines this for functions which it implements
|     to always fail with ENOSYS.  Some functions are actually named
|     something starting with __ and the normal name is an alias.  */
| #if defined __stub_strndup || defined __stub___strndup
| choke me
| #endif
| 
| int
| main ()
| {
| return strndup ();
|   ;
|   return 0;
| }
configure:14427: result: no
configure:14440: checking for off_t
configure:14468: gcc -c -g -O2  conftest.c >&5
configure:14475: $? = 0
configure:14502: gcc -c -g -O2  conftest.c >&5
conftest.c: In function 'main':
conftest.c:70: error: expected expression before ')' token
configure:14509: $? = 1
configure: failed program was:
| /* confdefs.h.  */
| #define PACKAGE_NAME ""
| #define PACKAGE_TARNAME ""
| #define PACKAGE_VERSION ""
| #define PACKAGE_STRING ""
| #define PACKAGE_BUGREPORT ""
| #define PACKAGE "zziplib"
| #define VERSION "0.13.59"
| #define STDC_HEADERS 1
| #define HAVE_SYS_TYPES_H 1
| #define HAVE_SYS_STAT_H 1
| #define HAVE_STDLIB_H 1
| #define HAVE_STRING_H 1
| #define HAVE_MEMORY_H 1
| #define HAVE_STRINGS_H 1
| #define HAVE_INTTYPES_H 1
| #define HAVE_STDINT_H 1
| #define HAVE_UNISTD_H 1
| #define HAVE_DLFCN_H 1
| #define LT_OBJDIR ".libs/"
| #define restrict __restrict__
| #define STDC_HEADERS 1
| #define HAVE_DIRENT_H 1
| #define HAVE_STDINT_H 1
| #define HAVE_UNISTD_H 1
| #define HAVE_SYS_TYPES_H 1
| #define HAVE_SYS_MMAN_H 1
| #define HAVE_SYS_STAT_H 1
| #define HAVE_SYS_PARAM_H 1
| #define HAVE_ZLIB_H 1
| #define HAVE_FNMATCH_H 1
| #define HAVE_STRCASECMP 1
| /* end confdefs.h.  */
| #include <stdio.h>
| #ifdef HAVE_SYS_TYPES_H
| # include <sys/types.h>
| #endif
| #ifdef HAVE_SYS_STAT_H
| # include <sys/stat.h>
| #endif
| #ifdef STDC_HEADERS
| # include <stdlib.h>
| # include <stddef.h>
| #else
| # ifdef HAVE_STDLIB_H
| #  include <stdlib.h>
| # endif
| #endif
| #ifdef HAVE_STRING_H
| # if !defined STDC_HEADERS && defined HAVE_MEMORY_H
| #  include <memory.h>
| # endif
| # include <string.h>
| #endif
| #ifdef HAVE_STRINGS_H
| # include <strings.h>
| #endif
| #ifdef HAVE_INTTYPES_H
| # include <inttypes.h>
| #endif
| #ifdef HAVE_STDINT_H
| # include <stdint.h>
| #endif
| #ifdef HAVE_UNISTD_H
| # include <unistd.h>
| #endif
| int
| main ()
| {
| if (sizeof ((off_t)))
| 	  return 0;
|   ;
|   return 0;
| }
configure:14532: result: yes
configure:14544: checking for size_t
configure:14572: gcc -c -g -O2  conftest.c >&5
configure:14579: $? = 0
configure:14606: gcc -c -g -O2  conftest.c >&5
conftest.c: In function 'main':
conftest.c:70: error: expected expression before ')' token
configure:14613: $? = 1
configure: failed program was:
| /* confdefs.h.  */
| #define PACKAGE_NAME ""
| #define PACKAGE_TARNAME ""
| #define PACKAGE_VERSION ""
| #define PACKAGE_STRING ""
| #define PACKAGE_BUGREPORT ""
| #define PACKAGE "zziplib"
| #define VERSION "0.13.59"
| #define STDC_HEADERS 1
| #define HAVE_SYS_TYPES_H 1
| #define HAVE_SYS_STAT_H 1
| #define HAVE_STDLIB_H 1
| #define HAVE_STRING_H 1
| #define HAVE_MEMORY_H 1
| #define HAVE_STRINGS_H 1
| #define HAVE_INTTYPES_H 1
| #define HAVE_STDINT_H 1
| #define HAVE_UNISTD_H 1
| #define HAVE_DLFCN_H 1
| #define LT_OBJDIR ".libs/"
| #define restrict __restrict__
| #define STDC_HEADERS 1
| #define HAVE_DIRENT_H 1
| #define HAVE_STDINT_H 1
| #define HAVE_UNISTD_H 1
| #define HAVE_SYS_TYPES_H 1
| #define HAVE_SYS_MMAN_H 1
| #define HAVE_SYS_STAT_H 1
| #define HAVE_SYS_PARAM_H 1
| #define HAVE_ZLIB_H 1
| #define HAVE_FNMATCH_H 1
| #define HAVE_STRCASECMP 1
| /* end confdefs.h.  */
| #include <stdio.h>
| #ifdef HAVE_SYS_TYPES_H
| # include <sys/types.h>
| #endif
| #ifdef HAVE_SYS_STAT_H
| # include <sys/stat.h>
| #endif
| #ifdef STDC_HEADERS
| # include <stdlib.h>
| # include <stddef.h>
| #else
| # ifdef HAVE_STDLIB_H
| #  include <stdlib.h>
| # endif
| #endif
| #ifdef HAVE_STRING_H
| # if !defined STDC_HEADERS && defined HAVE_MEMORY_H
| #  include <memory.h>
| # endif
| # include <string.h>
| #endif
| #ifdef HAVE_STRINGS_H
| # include <strings.h>
| #endif
| #ifdef HAVE_INTTYPES_H
| # include <inttypes.h>
| #endif
| #ifdef HAVE_STDINT_H
| # include <stdint.h>
| #endif
| #ifdef HAVE_UNISTD_H
| # include <unistd.h>
| #endif
| int
| main ()
| {
| if (sizeof ((size_t)))
| 	  return 0;
|   ;
|   return 0;
| }
configure:14636: result: yes
configure:14648: checking for ssize_t
configure:14676: gcc -c -g -O2  conftest.c >&5
configure:14683: $? = 0
configure:14710: gcc -c -g -O2  conftest.c >&5
conftest.c: In function 'main':
conftest.c:70: error: expected expression before ')' token
configure:14717: $? = 1
configure: failed program was:
| /* confdefs.h.  */
| #define PACKAGE_NAME ""
| #define PACKAGE_TARNAME ""
| #define PACKAGE_VERSION ""
| #define PACKAGE_STRING ""
| #define PACKAGE_BUGREPORT ""
| #define PACKAGE "zziplib"
| #define VERSION "0.13.59"
| #define STDC_HEADERS 1
| #define HAVE_SYS_TYPES_H 1
| #define HAVE_SYS_STAT_H 1
| #define HAVE_STDLIB_H 1
| #define HAVE_STRING_H 1
| #define HAVE_MEMORY_H 1
| #define HAVE_STRINGS_H 1
| #define HAVE_INTTYPES_H 1
| #define HAVE_STDINT_H 1
| #define HAVE_UNISTD_H 1
| #define HAVE_DLFCN_H 1
| #define LT_OBJDIR ".libs/"
| #define restrict __restrict__
| #define STDC_HEADERS 1
| #define HAVE_DIRENT_H 1
| #define HAVE_STDINT_H 1
| #define HAVE_UNISTD_H 1
| #define HAVE_SYS_TYPES_H 1
| #define HAVE_SYS_MMAN_H 1
| #define HAVE_SYS_STAT_H 1
| #define HAVE_SYS_PARAM_H 1
| #define HAVE_ZLIB_H 1
| #define HAVE_FNMATCH_H 1
| #define HAVE_STRCASECMP 1
| /* end confdefs.h.  */
| #include <stdio.h>
| #ifdef HAVE_SYS_TYPES_H
| # include <sys/types.h>
| #endif
| #ifdef HAVE_SYS_STAT_H
| # include <sys/stat.h>
| #endif
| #ifdef STDC_HEADERS
| # include <stdlib.h>
| # include <stddef.h>
| #else
| # ifdef HAVE_STDLIB_H
| #  include <stdlib.h>
| # endif
| #endif
| #ifdef HAVE_STRING_H
| # if !defined STDC_HEADERS && defined HAVE_MEMORY_H
| #  include <memory.h>
| # endif
| # include <string.h>
| #endif
| #ifdef HAVE_STRINGS_H
| # include <strings.h>
| #endif
| #ifdef HAVE_INTTYPES_H
| # include <inttypes.h>
| #endif
| #ifdef HAVE_STDINT_H
| # include <stdint.h>
| #endif
| #ifdef HAVE_UNISTD_H
| # include <unistd.h>
| #endif
| int
| main ()
| {
| if (sizeof ((ssize_t)))
| 	  return 0;
|   ;
|   return 0;
| }
configure:14740: result: yes
configure:14752: checking for off64_t
configure:14780: gcc -c -g -O2  conftest.c >&5
conftest.c: In function 'main':
conftest.c:70: error: 'off64_t' undeclared (first use in this function)
conftest.c:70: error: (Each undeclared identifier is reported only once
conftest.c:70: error: for each function it appears in.)
configure:14787: $? = 1
configure: failed program was:
| /* confdefs.h.  */
| #define PACKAGE_NAME ""
| #define PACKAGE_TARNAME ""
| #define PACKAGE_VERSION ""
| #define PACKAGE_STRING ""
| #define PACKAGE_BUGREPORT ""
| #define PACKAGE "zziplib"
| #define VERSION "0.13.59"
| #define STDC_HEADERS 1
| #define HAVE_SYS_TYPES_H 1
| #define HAVE_SYS_STAT_H 1
| #define HAVE_STDLIB_H 1
| #define HAVE_STRING_H 1
| #define HAVE_MEMORY_H 1
| #define HAVE_STRINGS_H 1
| #define HAVE_INTTYPES_H 1
| #define HAVE_STDINT_H 1
| #define HAVE_UNISTD_H 1
| #define HAVE_DLFCN_H 1
| #define LT_OBJDIR ".libs/"
| #define restrict __restrict__
| #define STDC_HEADERS 1
| #define HAVE_DIRENT_H 1
| #define HAVE_STDINT_H 1
| #define HAVE_UNISTD_H 1
| #define HAVE_SYS_TYPES_H 1
| #define HAVE_SYS_MMAN_H 1
| #define HAVE_SYS_STAT_H 1
| #define HAVE_SYS_PARAM_H 1
| #define HAVE_ZLIB_H 1
| #define HAVE_FNMATCH_H 1
| #define HAVE_STRCASECMP 1
| /* end confdefs.h.  */
| #include <stdio.h>
| #ifdef HAVE_SYS_TYPES_H
| # include <sys/types.h>
| #endif
| #ifdef HAVE_SYS_STAT_H
| # include <sys/stat.h>
| #endif
| #ifdef STDC_HEADERS
| # include <stdlib.h>
| # include <stddef.h>
| #else
| # ifdef HAVE_STDLIB_H
| #  include <stdlib.h>
| # endif
| #endif
| #ifdef HAVE_STRING_H
| # if !defined STDC_HEADERS && defined HAVE_MEMORY_H
| #  include <memory.h>
| # endif
| # include <string.h>
| #endif
| #ifdef HAVE_STRINGS_H
| # include <strings.h>
| #endif
| #ifdef HAVE_INTTYPES_H
| # include <inttypes.h>
| #endif
| #ifdef HAVE_STDINT_H
| # include <stdint.h>
| #endif
| #ifdef HAVE_UNISTD_H
| # include <unistd.h>
| #endif
| int
| main ()
| {
| if (sizeof (off64_t))
|        return 0;
|   ;
|   return 0;
| }
configure:14844: result: no
configure:14856: checking for __int64
configure:14884: gcc -c -g -O2  conftest.c >&5
conftest.c: In function 'main':
conftest.c:71: error: '__int64' undeclared (first use in this function)
conftest.c:71: error: (Each undeclared identifier is reported only once
conftest.c:71: error: for each function it appears in.)
configure:14891: $? = 1
configure: failed program was:
| /* confdefs.h.  */
| #define PACKAGE_NAME ""
| #define PACKAGE_TARNAME ""
| #define PACKAGE_VERSION ""
| #define PACKAGE_STRING ""
| #define PACKAGE_BUGREPORT ""
| #define PACKAGE "zziplib"
| #define VERSION "0.13.59"
| #define STDC_HEADERS 1
| #define HAVE_SYS_TYPES_H 1
| #define HAVE_SYS_STAT_H 1
| #define HAVE_STDLIB_H 1
| #define HAVE_STRING_H 1
| #define HAVE_MEMORY_H 1
| #define HAVE_STRINGS_H 1
| #define HAVE_INTTYPES_H 1
| #define HAVE_STDINT_H 1
| #define HAVE_UNISTD_H 1
| #define HAVE_DLFCN_H 1
| #define LT_OBJDIR ".libs/"
| #define restrict __restrict__
| #define STDC_HEADERS 1
| #define HAVE_DIRENT_H 1
| #define HAVE_STDINT_H 1
| #define HAVE_UNISTD_H 1
| #define HAVE_SYS_TYPES_H 1
| #define HAVE_SYS_MMAN_H 1
| #define HAVE_SYS_STAT_H 1
| #define HAVE_SYS_PARAM_H 1
| #define HAVE_ZLIB_H 1
| #define HAVE_FNMATCH_H 1
| #define HAVE_STRCASECMP 1
| #define off64_t _zzip_off_t
| /* end confdefs.h.  */
| #include <stdio.h>
| #ifdef HAVE_SYS_TYPES_H
| # include <sys/types.h>
| #endif
| #ifdef HAVE_SYS_STAT_H
| # include <sys/stat.h>
| #endif
| #ifdef STDC_HEADERS
| # include <stdlib.h>
| # include <stddef.h>
| #else
| # ifdef HAVE_STDLIB_H
| #  include <stdlib.h>
| # endif
| #endif
| #ifdef HAVE_STRING_H
| # if !defined STDC_HEADERS && defined HAVE_MEMORY_H
| #  include <memory.h>
| # endif
| # include <string.h>
| #endif
| #ifdef HAVE_STRINGS_H
| # include <strings.h>
| #endif
| #ifdef HAVE_INTTYPES_H
| # include <inttypes.h>
| #endif
| #ifdef HAVE_STDINT_H
| # include <stdint.h>
| #endif
| #ifdef HAVE_UNISTD_H
| # include <unistd.h>
| #endif
| int
| main ()
| {
| if (sizeof (__int64))
|        return 0;
|   ;
|   return 0;
| }
configure:14948: result: no
configure:14960: checking size of short
configure:14990: gcc -c -g -O2  conftest.c >&5
conftest.c: In function 'main':
conftest.c:43: error: duplicate case value
conftest.c:43: error: previously used here
configure:14997: $? = 1
configure: failed program was:
| /* confdefs.h.  */
| #define PACKAGE_NAME ""
| #define PACKAGE_TARNAME ""
| #define PACKAGE_VERSION ""
| #define PACKAGE_STRING ""
| #define PACKAGE_BUGREPORT ""
| #define PACKAGE "zziplib"
| #define VERSION "0.13.59"
| #define STDC_HEADERS 1
| #define HAVE_SYS_TYPES_H 1
| #define HAVE_SYS_STAT_H 1
| #define HAVE_STDLIB_H 1
| #define HAVE_STRING_H 1
| #define HAVE_MEMORY_H 1
| #define HAVE_STRINGS_H 1
| #define HAVE_INTTYPES_H 1
| #define HAVE_STDINT_H 1
| #define HAVE_UNISTD_H 1
| #define HAVE_DLFCN_H 1
| #define LT_OBJDIR ".libs/"
| #define restrict __restrict__
| #define STDC_HEADERS 1
| #define HAVE_DIRENT_H 1
| #define HAVE_STDINT_H 1
| #define HAVE_UNISTD_H 1
| #define HAVE_SYS_TYPES_H 1
| #define HAVE_SYS_MMAN_H 1
| #define HAVE_SYS_STAT_H 1
| #define HAVE_SYS_PARAM_H 1
| #define HAVE_ZLIB_H 1
| #define HAVE_FNMATCH_H 1
| #define HAVE_STRCASECMP 1
| #define off64_t _zzip_off_t
| #define __int64 long long
| /* end confdefs.h.  */
| #include "confdefs.h"
| #include <sys/types.h>
| 
| 
| int
| main ()
| {
| switch (0) case 0: case (sizeof (short) == 4):;
|   ;
|   return 0;
| }
configure:14990: gcc -c -g -O2  conftest.c >&5
conftest.c: In function 'main':
conftest.c:43: error: duplicate case value
conftest.c:43: error: previously used here
configure:14997: $? = 1
configure: failed program was:
| /* confdefs.h.  */
| #define PACKAGE_NAME ""
| #define PACKAGE_TARNAME ""
| #define PACKAGE_VERSION ""
| #define PACKAGE_STRING ""
| #define PACKAGE_BUGREPORT ""
| #define PACKAGE "zziplib"
| #define VERSION "0.13.59"
| #define STDC_HEADERS 1
| #define HAVE_SYS_TYPES_H 1
| #define HAVE_SYS_STAT_H 1
| #define HAVE_STDLIB_H 1
| #define HAVE_STRING_H 1
| #define HAVE_MEMORY_H 1
| #define HAVE_STRINGS_H 1
| #define HAVE_INTTYPES_H 1
| #define HAVE_STDINT_H 1
| #define HAVE_UNISTD_H 1
| #define HAVE_DLFCN_H 1
| #define LT_OBJDIR ".libs/"
| #define restrict __restrict__
| #define STDC_HEADERS 1
| #define HAVE_DIRENT_H 1
| #define HAVE_STDINT_H 1
| #define HAVE_UNISTD_H 1
| #define HAVE_SYS_TYPES_H 1
| #define HAVE_SYS_MMAN_H 1
| #define HAVE_SYS_STAT_H 1
| #define HAVE_SYS_PARAM_H 1
| #define HAVE_ZLIB_H 1
| #define HAVE_FNMATCH_H 1
| #define HAVE_STRCASECMP 1
| #define off64_t _zzip_off_t
| #define __int64 long long
| /* end confdefs.h.  */
| #include "confdefs.h"
| #include <sys/types.h>
| 
| 
| int
| main ()
| {
| switch (0) case 0: case (sizeof (short) == 8):;
|   ;
|   return 0;
| }
configure:14990: gcc -c -g -O2  conftest.c >&5
conftest.c: In function 'main':
conftest.c:43: error: duplicate case value
conftest.c:43: error: previously used here
configure:14997: $? = 1
configure: failed program was:
| /* confdefs.h.  */
| #define PACKAGE_NAME ""
| #define PACKAGE_TARNAME ""
| #define PACKAGE_VERSION ""
| #define PACKAGE_STRING ""
| #define PACKAGE_BUGREPORT ""
| #define PACKAGE "zziplib"
| #define VERSION "0.13.59"
| #define STDC_HEADERS 1
| #define HAVE_SYS_TYPES_H 1
| #define HAVE_SYS_STAT_H 1
| #define HAVE_STDLIB_H 1
| #define HAVE_STRING_H 1
| #define HAVE_MEMORY_H 1
| #define HAVE_STRINGS_H 1
| #define HAVE_INTTYPES_H 1
| #define HAVE_STDINT_H 1
| #define HAVE_UNISTD_H 1
| #define HAVE_DLFCN_H 1
| #define LT_OBJDIR ".libs/"
| #define restrict __restrict__
| #define STDC_HEADERS 1
| #define HAVE_DIRENT_H 1
| #define HAVE_STDINT_H 1
| #define HAVE_UNISTD_H 1
| #define HAVE_SYS_TYPES_H 1
| #define HAVE_SYS_MMAN_H 1
| #define HAVE_SYS_STAT_H 1
| #define HAVE_SYS_PARAM_H 1
| #define HAVE_ZLIB_H 1
| #define HAVE_FNMATCH_H 1
| #define HAVE_STRCASECMP 1
| #define off64_t _zzip_off_t
| #define __int64 long long
| /* end confdefs.h.  */
| #include "confdefs.h"
| #include <sys/types.h>
| 
| 
| int
| main ()
| {
| switch (0) case 0: case (sizeof (short) == 1):;
|   ;
|   return 0;
| }
configure:14990: gcc -c -g -O2  conftest.c >&5
configure:14997: $? = 0
configure:15021: result: 2
configure:15029: checking size of int
configure:15059: gcc -c -g -O2  conftest.c >&5
configure:15066: $? = 0
configure:15090: result: 4
configure:15098: checking size of long
configure:15128: gcc -c -g -O2  conftest.c >&5
conftest.c: In function 'main':
conftest.c:45: error: duplicate case value
conftest.c:45: error: previously used here
configure:15135: $? = 1
configure: failed program was:
| /* confdefs.h.  */
| #define PACKAGE_NAME ""
| #define PACKAGE_TARNAME ""
| #define PACKAGE_VERSION ""
| #define PACKAGE_STRING ""
| #define PACKAGE_BUGREPORT ""
| #define PACKAGE "zziplib"
| #define VERSION "0.13.59"
| #define STDC_HEADERS 1
| #define HAVE_SYS_TYPES_H 1
| #define HAVE_SYS_STAT_H 1
| #define HAVE_STDLIB_H 1
| #define HAVE_STRING_H 1
| #define HAVE_MEMORY_H 1
| #define HAVE_STRINGS_H 1
| #define HAVE_INTTYPES_H 1
| #define HAVE_STDINT_H 1
| #define HAVE_UNISTD_H 1
| #define HAVE_DLFCN_H 1
| #define LT_OBJDIR ".libs/"
| #define restrict __restrict__
| #define STDC_HEADERS 1
| #define HAVE_DIRENT_H 1
| #define HAVE_STDINT_H 1
| #define HAVE_UNISTD_H 1
| #define HAVE_SYS_TYPES_H 1
| #define HAVE_SYS_MMAN_H 1
| #define HAVE_SYS_STAT_H 1
| #define HAVE_SYS_PARAM_H 1
| #define HAVE_ZLIB_H 1
| #define HAVE_FNMATCH_H 1
| #define HAVE_STRCASECMP 1
| #define off64_t _zzip_off_t
| #define __int64 long long
| #define SIZEOF_SHORT 2
| #define SIZEOF_INT 4
| /* end confdefs.h.  */
| #include "confdefs.h"
| #include <sys/types.h>
| 
| 
| int
| main ()
| {
| switch (0) case 0: case (sizeof (long) == 4):;
|   ;
|   return 0;
| }
configure:15128: gcc -c -g -O2  conftest.c >&5
configure:15135: $? = 0
configure:15159: result: 8
configure:15168: checking whether byte ordering is bigendian
configure:15193: gcc -c -g -O2  conftest.c >&5
configure:15200: $? = 0
configure:15250: gcc -c -g -O2  conftest.c >&5
configure:15257: $? = 0
configure:15289: gcc -c -g -O2  conftest.c >&5
conftest.c: In function 'main':
conftest.c:46: error: 'not' undeclared (first use in this function)
conftest.c:46: error: (Each undeclared identifier is reported only once
conftest.c:46: error: for each function it appears in.)
conftest.c:46: error: expected ';' before 'big'
configure:15296: $? = 1
configure: failed program was:
| /* confdefs.h.  */
| #define PACKAGE_NAME ""
| #define PACKAGE_TARNAME ""
| #define PACKAGE_VERSION ""
| #define PACKAGE_STRING ""
| #define PACKAGE_BUGREPORT ""
| #define PACKAGE "zziplib"
| #define VERSION "0.13.59"
| #define STDC_HEADERS 1
| #define HAVE_SYS_TYPES_H 1
| #define HAVE_SYS_STAT_H 1
| #define HAVE_STDLIB_H 1
| #define HAVE_STRING_H 1
| #define HAVE_MEMORY_H 1
| #define HAVE_STRINGS_H 1
| #define HAVE_INTTYPES_H 1
| #define HAVE_STDINT_H 1
| #define HAVE_UNISTD_H 1
| #define HAVE_DLFCN_H 1
| #define LT_OBJDIR ".libs/"
| #define restrict __restrict__
| #define STDC_HEADERS 1
| #define HAVE_DIRENT_H 1
| #define HAVE_STDINT_H 1
| #define HAVE_UNISTD_H 1
| #define HAVE_SYS_TYPES_H 1
| #define HAVE_SYS_MMAN_H 1
| #define HAVE_SYS_STAT_H 1
| #define HAVE_SYS_PARAM_H 1
| #define HAVE_ZLIB_H 1
| #define HAVE_FNMATCH_H 1
| #define HAVE_STRCASECMP 1
| #define off64_t _zzip_off_t
| #define __int64 long long
| #define SIZEOF_SHORT 2
| #define SIZEOF_INT 4
| #define SIZEOF_LONG 8
| /* end confdefs.h.  */
| #include <sys/types.h>
| 		#include <sys/param.h>
| 
| int
| main ()
| {
| #if BYTE_ORDER != BIG_ENDIAN
| 		 not big endian
| 		#endif
| 
|   ;
|   return 0;
| }
configure:15548: result: no
configure:15573: checking if pointers to integers require aligned access
configure:15618: gcc -o conftest -g -O2   conftest.c  >&5
conftest.c: In function 'main':
conftest.c:47: error: expected expression before '[' token
configure:15622: $? = 1
configure: program exited with status 1
configure: failed program was:
| /* confdefs.h.  */
| #define PACKAGE_NAME ""
| #define PACKAGE_TARNAME ""
| #define PACKAGE_VERSION ""
| #define PACKAGE_STRING ""
| #define PACKAGE_BUGREPORT ""
| #define PACKAGE "zziplib"
| #define VERSION "0.13.59"
| #define STDC_HEADERS 1
| #define HAVE_SYS_TYPES_H 1
| #define HAVE_SYS_STAT_H 1
| #define HAVE_STDLIB_H 1
| #define HAVE_STRING_H 1
| #define HAVE_MEMORY_H 1
| #define HAVE_STRINGS_H 1
| #define HAVE_INTTYPES_H 1
| #define HAVE_STDINT_H 1
| #define HAVE_UNISTD_H 1
| #define HAVE_DLFCN_H 1
| #define LT_OBJDIR ".libs/"
| #define restrict __restrict__
| #define STDC_HEADERS 1
| #define HAVE_DIRENT_H 1
| #define HAVE_STDINT_H 1
| #define HAVE_UNISTD_H 1
| #define HAVE_SYS_TYPES_H 1
| #define HAVE_SYS_MMAN_H 1
| #define HAVE_SYS_STAT_H 1
| #define HAVE_SYS_PARAM_H 1
| #define HAVE_ZLIB_H 1
| #define HAVE_FNMATCH_H 1
| #define HAVE_STRCASECMP 1
| #define off64_t _zzip_off_t
| #define __int64 long long
| #define SIZEOF_SHORT 2
| #define SIZEOF_INT 4
| #define SIZEOF_LONG 8
| /* end confdefs.h.  */
| 
| #include <stdio.h>
| #include <stdlib.h>
| 
| int main()
| {
|   char* string = malloc(40);
|   int i;
|   for (i=0; i < 40; i++) string[[i]] = i;
|   {
|      void* s = string;
|      int* p = s+1;
|      int* q = s+2;
| 
|      if (*p == *q) { return 1; }
|   }
|   return 0;
| }
| 
configure:15650: result: no
configure:15669: checking for special C compiler options needed for large files
configure:15764: result: no
configure:15770: checking for _FILE_OFFSET_BITS value needed for large files
configure:15805: gcc -c -g -O2  conftest.c >&5
configure:15812: $? = 0
configure:15881: result: no
configure:16019: checking whether system differentiates 64bit off_t by defines
configure:16030: result: no
configure:16043: result: compiles library with the only off_t seen
configure:16060: checking for zlib being found
configure:16097: result: yes - 1.2.3
configure:16100: checking docdir default
configure:16124: result: ${datadir}/doc
configure:16127: checking whether using debugging messages in libraries
configure:16147: result: no
configure:16155: checking whether thread stack is too small for bufsiz buffers
configure:16181: result: no
configure:16184: checking whether can use mmap for file scanning
configure:16209: result: yes, sys/mman.h
configure:16216: checking whether making SDL parts
configure:16227: result: no, disabled
configure:16244: checking running extra tests on make check
configure:16247: result: yes
configure:16257: checking link options
configure:16266: result: --export-dynamic  # 
configure:16297: checking auto silent in maintainer mode
configure:16306: result: libtool-silent, auto-sleep-9
configure:16317: checking CFLAGS frame-pointer
configure:16329: result: no, -fomit-frame-pointer added
configure:16339: checking CFLAGS for maximum warnings
configure:16376: gcc -c  -O2 -D_USE_MMAP  -fomit-frame-pointer -pedantic  -Wall  conftest.c >&5
configure:16383: $? = 0
configure:16407: result: -Wall
configure:16420: : CFLAGS="$CFLAGS $ac_cv_cflags_warn_all"
configure:16423: $? = 0
configure:16430: checking CFLAGS for gcc -Wpointer-arith
configure:16467: gcc -c  -O2 -D_USE_MMAP  -fomit-frame-pointer -Wall -pedantic -Werror  -Wpointer-arith  conftest.c >&5
configure:16474: $? = 0
configure:16498: result: -Wpointer-arith
configure:16510: : CFLAGS="$CFLAGS $ac_cv_cflags_gcc_option__Wpointer_arith"
configure:16513: $? = 0
configure:16520: checking CFLAGS for gcc -Wsign-compare
configure:16557: gcc -c  -O2 -D_USE_MMAP  -fomit-frame-pointer -Wall -Wpointer-arith -pedantic -Werror  -Wsign-compare  conftest.c >&5
configure:16564: $? = 0
configure:16588: result: -Wsign-compare
configure:16600: : CFLAGS="$CFLAGS $ac_cv_cflags_gcc_option__Wsign_compare"
configure:16603: $? = 0
configure:16610: checking CFLAGS for gcc -Wmissing-declarations
configure:16647: gcc -c  -O2 -D_USE_MMAP  -fomit-frame-pointer -Wall -Wpointer-arith -Wsign-compare -pedantic -Werror  -Wmissing-declarations  conftest.c >&5
configure:16654: $? = 0
configure:16678: result: -Wmissing-declarations
configure:16690: : CFLAGS="$CFLAGS $ac_cv_cflags_gcc_option__Wmissing_declarations"
configure:16693: $? = 0
configure:16700: checking CFLAGS for gcc -Wdeclaration-after-statement
configure:16737: gcc -c  -O2 -D_USE_MMAP  -fomit-frame-pointer -Wall -Wpointer-arith -Wsign-compare -Wmissing-declarations -pedantic -Werror  -Wdeclaration-after-statement  conftest.c >&5
configure:16744: $? = 0
configure:16768: result: -Wdeclaration-after-statement
configure:16780: : CFLAGS="$CFLAGS $ac_cv_cflags_gcc_option__Wdeclaration_after_statement"
configure:16783: $? = 0
configure:16790: checking CFLAGS for gcc -Werror-implicit-function-declaration
configure:16827: gcc -c  -O2 -D_USE_MMAP  -fomit-frame-pointer -Wall -Wpointer-arith -Wsign-compare -Wmissing-declarations -Wdeclaration-after-statement -pedantic -Werror  -Werror-implicit-function-declaration  conftest.c >&5
configure:16834: $? = 0
configure:16858: result: -Werror-implicit-function-declaration
configure:16870: : CFLAGS="$CFLAGS $ac_cv_cflags_gcc_option__Werror_implicit_function_declaration"
configure:16873: $? = 0
configure:16880: checking CFLAGS for gcc -Wstrict-aliasing
configure:16917: gcc -c  -O2 -D_USE_MMAP  -fomit-frame-pointer -Wall -Wpointer-arith -Wsign-compare -Wmissing-declarations -Wdeclaration-after-statement -Werror-implicit-function-declaration -pedantic -Werror  -Wstrict-aliasing  conftest.c >&5
configure:16924: $? = 0
configure:16948: result: -Wstrict-aliasing
configure:16960: : CFLAGS="$CFLAGS $ac_cv_cflags_gcc_option__Wstrict_aliasing"
configure:16963: $? = 0
configure:16970: checking CFLAGS for gcc -Warray-bounds
configure:17007: gcc -c  -O2 -D_USE_MMAP  -fomit-frame-pointer -Wall -Wpointer-arith -Wsign-compare -Wmissing-declarations -Wdeclaration-after-statement -Werror-implicit-function-declaration -Wstrict-aliasing -pedantic -Werror  -Warray-bounds  conftest.c >&5
cc1: error: unrecognized command line option "-Warray-bounds"
configure:17014: $? = 1
configure: failed program was:
| /* confdefs.h.  */
| #define PACKAGE_NAME ""
| #define PACKAGE_TARNAME ""
| #define PACKAGE_VERSION ""
| #define PACKAGE_STRING ""
| #define PACKAGE_BUGREPORT ""
| #define PACKAGE "zziplib"
| #define VERSION "0.13.59"
| #define STDC_HEADERS 1
| #define HAVE_SYS_TYPES_H 1
| #define HAVE_SYS_STAT_H 1
| #define HAVE_STDLIB_H 1
| #define HAVE_STRING_H 1
| #define HAVE_MEMORY_H 1
| #define HAVE_STRINGS_H 1
| #define HAVE_INTTYPES_H 1
| #define HAVE_STDINT_H 1
| #define HAVE_UNISTD_H 1
| #define HAVE_DLFCN_H 1
| #define LT_OBJDIR ".libs/"
| #define restrict __restrict__
| #define STDC_HEADERS 1
| #define HAVE_DIRENT_H 1
| #define HAVE_STDINT_H 1
| #define HAVE_UNISTD_H 1
| #define HAVE_SYS_TYPES_H 1
| #define HAVE_SYS_MMAN_H 1
| #define HAVE_SYS_STAT_H 1
| #define HAVE_SYS_PARAM_H 1
| #define HAVE_ZLIB_H 1
| #define HAVE_FNMATCH_H 1
| #define HAVE_STRCASECMP 1
| #define off64_t _zzip_off_t
| #define __int64 long long
| #define SIZEOF_SHORT 2
| #define SIZEOF_INT 4
| #define SIZEOF_LONG 8
| /* end confdefs.h.  */
| 
| int
| main ()
| {
| return 0;
|   ;
|   return 0;
| }
configure:17007: gcc -c  -O2 -D_USE_MMAP  -fomit-frame-pointer -Wall -Wpointer-arith -Wsign-compare -Wmissing-declarations -Wdeclaration-after-statement -Werror-implicit-function-declaration -Wstrict-aliasing -pedantic  -Warray-bounds   conftest.c >&5
cc1: error: unrecognized command line option "-Warray-bounds"
configure:17014: $? = 1
configure: failed program was:
| /* confdefs.h.  */
| #define PACKAGE_NAME ""
| #define PACKAGE_TARNAME ""
| #define PACKAGE_VERSION ""
| #define PACKAGE_STRING ""
| #define PACKAGE_BUGREPORT ""
| #define PACKAGE "zziplib"
| #define VERSION "0.13.59"
| #define STDC_HEADERS 1
| #define HAVE_SYS_TYPES_H 1
| #define HAVE_SYS_STAT_H 1
| #define HAVE_STDLIB_H 1
| #define HAVE_STRING_H 1
| #define HAVE_MEMORY_H 1
| #define HAVE_STRINGS_H 1
| #define HAVE_INTTYPES_H 1
| #define HAVE_STDINT_H 1
| #define HAVE_UNISTD_H 1
| #define HAVE_DLFCN_H 1
| #define LT_OBJDIR ".libs/"
| #define restrict __restrict__
| #define STDC_HEADERS 1
| #define HAVE_DIRENT_H 1
| #define HAVE_STDINT_H 1
| #define HAVE_UNISTD_H 1
| #define HAVE_SYS_TYPES_H 1
| #define HAVE_SYS_MMAN_H 1
| #define HAVE_SYS_STAT_H 1
| #define HAVE_SYS_PARAM_H 1
| #define HAVE_ZLIB_H 1
| #define HAVE_FNMATCH_H 1
| #define HAVE_STRCASECMP 1
| #define off64_t _zzip_off_t
| #define __int64 long long
| #define SIZEOF_SHORT 2
| #define SIZEOF_INT 4
| #define SIZEOF_LONG 8
| /* end confdefs.h.  */
| 
| int
| main ()
| {
| return 0;
|   ;
|   return 0;
| }
configure:17038: result: no, unknown
configure:17060: checking CFLAGS making strings readonly
configure:17102: gcc -c  -O2 -D_USE_MMAP  -fomit-frame-pointer -Wall -Wpointer-arith -Wsign-compare -Wmissing-declarations -Wdeclaration-after-statement -Werror-implicit-function-declaration -Wstrict-aliasing -pedantic  -fno-writable-strings -Wwrite-strings  conftest.c >&5
configure:17109: $? = 0
configure:17151: gcc -c  -O2 -D_USE_MMAP  -fomit-frame-pointer -Wall -Wpointer-arith -Wsign-compare -Wmissing-declarations -Wdeclaration-after-statement -Werror-implicit-function-declaration -Wstrict-aliasing -pedantic  -fno-writable-strings -Wwrite-strings  conftest.c >&5
configure:17158: $? = 0
configure:17185: result: -fno-writable-strings -Wwrite-strings
configure:17198: : CFLAGS="$CFLAGS $ac_cv_cflags_no_writable_strings"
configure:17201: $? = 0
configure:17208: checking CFLAGS for strict prototypes
configure:17245: gcc -c  -O2 -D_USE_MMAP  -fomit-frame-pointer -Wall -Wpointer-arith -Wsign-compare -Wmissing-declarations -Wdeclaration-after-statement -Werror-implicit-function-declaration -Wstrict-aliasing -fno-writable-strings -Wwrite-strings -pedantic  -fstrict-prototypes -Wstrict-prototypes  conftest.c >&5
cc1: error: unrecognized command line option "-fstrict-prototypes"
configure:17252: $? = 1
configure: failed program was:
| /* confdefs.h.  */
| #define PACKAGE_NAME ""
| #define PACKAGE_TARNAME ""
| #define PACKAGE_VERSION ""
| #define PACKAGE_STRING ""
| #define PACKAGE_BUGREPORT ""
| #define PACKAGE "zziplib"
| #define VERSION "0.13.59"
| #define STDC_HEADERS 1
| #define HAVE_SYS_TYPES_H 1
| #define HAVE_SYS_STAT_H 1
| #define HAVE_STDLIB_H 1
| #define HAVE_STRING_H 1
| #define HAVE_MEMORY_H 1
| #define HAVE_STRINGS_H 1
| #define HAVE_INTTYPES_H 1
| #define HAVE_STDINT_H 1
| #define HAVE_UNISTD_H 1
| #define HAVE_DLFCN_H 1
| #define LT_OBJDIR ".libs/"
| #define restrict __restrict__
| #define STDC_HEADERS 1
| #define HAVE_DIRENT_H 1
| #define HAVE_STDINT_H 1
| #define HAVE_UNISTD_H 1
| #define HAVE_SYS_TYPES_H 1
| #define HAVE_SYS_MMAN_H 1
| #define HAVE_SYS_STAT_H 1
| #define HAVE_SYS_PARAM_H 1
| #define HAVE_ZLIB_H 1
| #define HAVE_FNMATCH_H 1
| #define HAVE_STRCASECMP 1
| #define off64_t _zzip_off_t
| #define __int64 long long
| #define SIZEOF_SHORT 2
| #define SIZEOF_INT 4
| #define SIZEOF_LONG 8
| /* end confdefs.h.  */
| 
| int
| main ()
| {
| return 0;
|   ;
|   return 0;
| }
configure:17245: gcc -c  -O2 -D_USE_MMAP  -fomit-frame-pointer -Wall -Wpointer-arith -Wsign-compare -Wmissing-declarations -Wdeclaration-after-statement -Werror-implicit-function-declaration -Wstrict-aliasing -fno-writable-strings -Wwrite-strings -pedantic  -Wstrict-prototypes  conftest.c >&5
conftest.c:42: warning: function declaration isn't a prototype
configure:17252: $? = 0
configure:17294: gcc -c  -O2 -D_USE_MMAP  -fomit-frame-pointer -Wall -Wpointer-arith -Wsign-compare -Wmissing-declarations -Wdeclaration-after-statement -Werror-implicit-function-declaration -Wstrict-aliasing -fno-writable-strings -Wwrite-strings -pedantic  -Wstrict-prototypes  conftest.c >&5
conftest.c:42: warning: function declaration isn't a prototype
configure:17301: $? = 0
configure:17329: result: -Wstrict-prototypes
configure:17342: : CFLAGS="$CFLAGS $ac_cv_cflags_strict_prototypes"
configure:17345: $? = 0
configure:17476: checking for pkg-config
configure:17507: result: no
configure:17575: : last pkgconfig dir is assumed as "$ax_warning_default_pkgconfig_dir"
configure:17578: $? = 0
configure:17587: : test ".$ax_warning_default_pkgconfig_loc" = ".$ax_warning_default_pkgconfig_dir"
configure:17590: $? = 0
configure:17595: warning: pkgconfigdir=/usr/local/lib/pkgconfig (see config.log)
configure:17597: perhaps: make install pkgconfigdir=/usr/lib/pkgconfig
 pkgconfigdir:  the default pkgconfigdir of /usr/local/lib/pkgconfig
 pkgconfigdir:  is not listed in the dirlist where pkg-config will look for
 pkgconfigdir:  package-configs - you can override the install-path using
 pkgconfigdir:  make install pkgconfigdir=/usr/lib/pkgconfig
 pkgconfigdir:  or set/append the directory to the environment variable
 pkgconfigdir:  PKG_CONFIG_PATH="/usr/local/lib/pkgconfig"
configure:17727: : test "$ax_warning_default_aclocal_loc" = "$ax_warning_default_aclocal_dir"
configure:17730: $? = 0
configure:17744: warning: aclocaldir=/usr/local/share/aclocal (see config.log)
configure:17746: perhaps: make install aclocaldir=/usr/share/aclocal
  aclocaldir:   the default aclocaldir of /usr/local/share/aclocal
  aclocaldir:   is not listed in the dirlist where aclocal will look
  aclocaldir:   for macros - you can override the install-path using
  aclocaldir:   make install aclocaldir=/usr/share/aclocal
  aclocaldir:   or append the directory to aclocal reconfigures later as
  aclocaldir:   aclocal -I /usr/local/share/aclocal
  aclocaldir:   when an autoconf macro is needed from that directory
configure:17898: creating ./config.status

## ---------------------- ##
## Running config.status. ##
## ---------------------- ##

This file was extended by config.status, which was
generated by GNU Autoconf 2.63.  Invocation command line was

  CONFIG_FILES    = 
  CONFIG_HEADERS  = 
  CONFIG_LINKS    = 
  CONFIG_COMMANDS = 
  $ ./config.status 

on American-Gigolo.local

config.status:1078: creating Makefile
config.status:1078: creating zzip/Makefile
config.status:1078: creating zzipwrap/Makefile
config.status:1078: creating SDL/Makefile
config.status:1078: creating docs/Makefile
config.status:1078: creating test/Makefile
config.status:1078: creating bins/Makefile
config.status:1078: creating config.h
config.status:1345: executing buildir commands
config.status:1362: create top_srcdir/Makefile guessed from local Makefile
config.status:1397: extend top_srcdir/Makefile with top_srcdir/Makefile.mk
config.status:1401: make uses BUILD=Darwin_10.4.0_i386.d (on :)
config.status:1345: executing depfiles commands
config.status:1345: executing libtool commands
config.status:1345: executing zzip/_config.h commands
config.status:2214: creating zzip/_config.h - prefix ZZIP for config.h defines
config.status:1345: executing zzip/_msvc.h commands
config.status:2348: creating zzip/_msvc.h - prefix ZZIP for zzip/_msvc.in defines
config.status:1345: executing zzip/zziplib.pc commands
config.status:2458: creating zzip/zziplib.pc.in
config.status:2481: creating zzip/zziplib.pc
config.status:2509: creating zzip/zziplib-uninstalled.pc
config.status:2541: creating zzip/zziplib-uninstalled.sh

## ---------------- ##
## Cache variables. ##
## ---------------- ##

ac_cv_build=i386-apple-darwin10.4.0
ac_cv_c_bigendian=no
ac_cv_c_compiler_gnu=yes
ac_cv_c_const=yes
ac_cv_c_inline=inline
ac_cv_cflags_gcc_option__Warray_bounds='no, unknown'
ac_cv_cflags_gcc_option__Wdeclaration_after_statement=-Wdeclaration-after-statement
ac_cv_cflags_gcc_option__Werror_implicit_function_declaration=-Werror-implicit-function-declaration
ac_cv_cflags_gcc_option__Wmissing_declarations=-Wmissing-declarations
ac_cv_cflags_gcc_option__Wpointer_arith=-Wpointer-arith
ac_cv_cflags_gcc_option__Wsign_compare=-Wsign-compare
ac_cv_cflags_gcc_option__Wstrict_aliasing=-Wstrict-aliasing
ac_cv_cflags_no_writable_strings='-fno-writable-strings -Wwrite-strings'
ac_cv_cflags_strict_prototypes=-Wstrict-prototypes
ac_cv_cflags_warn_all=-Wall
ac_cv_env_CC_set=
ac_cv_env_CC_value=
ac_cv_env_CFLAGS_set=
ac_cv_env_CFLAGS_value=
ac_cv_env_CPPFLAGS_set=
ac_cv_env_CPPFLAGS_value=
ac_cv_env_CPP_set=
ac_cv_env_CPP_value=
ac_cv_env_LDFLAGS_set=
ac_cv_env_LDFLAGS_value=
ac_cv_env_LIBS_set=
ac_cv_env_LIBS_value=
ac_cv_env_build_alias_set=
ac_cv_env_build_alias_value=
ac_cv_env_host_alias_set=
ac_cv_env_host_alias_value=
ac_cv_env_target_alias_set=
ac_cv_env_target_alias_value=
ac_cv_func_strcasecmp=yes
ac_cv_func_strndup=no
ac_cv_header_byteswap_h=no
ac_cv_header_direct_h=no
ac_cv_header_dirent_dirent_h=yes
ac_cv_header_dlfcn_h=yes
ac_cv_header_fnmatch_h=yes
ac_cv_header_inttypes_h=yes
ac_cv_header_io_h=no
ac_cv_header_memory_h=yes
ac_cv_header_stdc=yes
ac_cv_header_stdint_h=yes
ac_cv_header_stdlib_h=yes
ac_cv_header_string_h=yes
ac_cv_header_strings_h=yes
ac_cv_header_sys_int_types_h=no
ac_cv_header_sys_mman_h=yes
ac_cv_header_sys_param_h=yes
ac_cv_header_sys_stat_h=yes
ac_cv_header_sys_types_h=yes
ac_cv_header_unistd_h=yes
ac_cv_header_winbase_h=no
ac_cv_header_windows_h=no
ac_cv_header_winnt_h=no
ac_cv_header_zlib_h=yes
ac_cv_host=i386-apple-darwin10.4.0
ac_cv_objext=o
ac_cv_path_EGREP='/usr/bin/grep -E'
ac_cv_path_FGREP='/usr/bin/grep -F'
ac_cv_path_GREP=/usr/bin/grep
ac_cv_path_MKZIP=/usr/bin/zip
ac_cv_path_PAX=/bin/pax
ac_cv_path_PERL=/usr/bin/perl
ac_cv_path_PKG_CONFIG=no
ac_cv_path_PYTHON=/usr/bin/python
ac_cv_path_SED=/usr/bin/sed
ac_cv_path_ax_enable_builddir_sed=sed
ac_cv_path_install='/usr/bin/install -c'
ac_cv_pax_tar_tool=pax
ac_cv_prog_AWK=awk
ac_cv_prog_CPP='gcc -E'
ac_cv_prog_ac_ct_AR=ar
ac_cv_prog_ac_ct_CC=gcc
ac_cv_prog_ac_ct_DSYMUTIL=dsymutil
ac_cv_prog_ac_ct_LIPO=lipo
ac_cv_prog_ac_ct_NMEDIT=nmedit
ac_cv_prog_ac_ct_OBJDUMP=objdump
ac_cv_prog_ac_ct_OTOOL=otool
ac_cv_prog_ac_ct_RANLIB=ranlib
ac_cv_prog_ac_ct_STRIP=strip
ac_cv_prog_cc_c89=
ac_cv_prog_cc_g=yes
ac_cv_prog_make_make_set=yes
ac_cv_search_opendir='none required'
ac_cv_sizeof_int=4
ac_cv_sizeof_long=8
ac_cv_sizeof_short=2
ac_cv_sys_file_offset_bits=no
ac_cv_sys_largefile_CC=no
ac_cv_sys_largefile_sensitive=no
ac_cv_target=i386-apple-darwin10.4.0
ac_cv_type___int64=no
ac_cv_type_off64_t=no
ac_cv_type_off_t=yes
ac_cv_type_size_t=yes
ac_cv_type_ssize_t=yes
acx_cv_c_restrict=__restrict__
am_cv_CC_dependencies_compiler_type=gcc3
ax_cv_have_aligned_access_required=no
lt_cv_apple_cc_single_mod=yes
lt_cv_deplibs_check_method=pass_all
lt_cv_file_magic_cmd='$MAGIC_CMD'
lt_cv_file_magic_test_file=
lt_cv_ld_exported_symbols_list=yes
lt_cv_ld_reload_flag=-r
lt_cv_nm_interface='BSD nm'
lt_cv_objdir=.libs
lt_cv_path_LD=/usr/libexec/gcc/i686-apple-darwin10/4.2.1/ld
lt_cv_path_NM=/usr/bin/nm
lt_cv_prog_compiler_c_o=yes
lt_cv_prog_compiler_pic_works=yes
lt_cv_prog_compiler_rtti_exceptions=no
lt_cv_prog_compiler_static_works=no
lt_cv_prog_gnu_ld=no
lt_cv_sys_global_symbol_pipe='sed -n -e '\''s/^.*[	 ]\([BCDEGRST][BCDEGRST]*\)[	 ][	 ]*_\([_A-Za-z][_A-Za-z0-9]*\)$/\1 _\2 \2/p'\'''
lt_cv_sys_global_symbol_to_c_name_address='sed -n -e '\''s/^: \([^ ]*\) $/  {\"\1\", (void *) 0},/p'\'' -e '\''s/^[BCDEGRST]* \([^ ]*\) \([^ ]*\)$/  {"\2", (void *) \&\2},/p'\'''
lt_cv_sys_global_symbol_to_c_name_address_lib_prefix='sed -n -e '\''s/^: \([^ ]*\) $/  {\"\1\", (void *) 0},/p'\'' -e '\''s/^[BCDEGRST]* \([^ ]*\) \(lib[^ ]*\)$/  {"\2", (void *) \&\2},/p'\'' -e '\''s/^[BCDEGRST]* \([^ ]*\) \([^ ]*\)$/  {"lib\2", (void *) \&\2},/p'\'''
lt_cv_sys_global_symbol_to_cdecl='sed -n -e '\''s/^T .* \(.*\)$/extern int \1();/p'\'' -e '\''s/^[BCDEGRST]* .* \(.*\)$/extern char \1;/p'\'''
lt_cv_sys_max_cmd_len=196608

## ----------------- ##
## Output variables. ##
## ----------------- ##

ACLOCAL='${SHELL} /Users/davidrogers/Documents/Development/Ogre/iPhoneDependencies/zziplib/uses/missing --run aclocal-1.11'
AMDEPBACKSLASH='\'
AMDEP_FALSE='#'
AMDEP_TRUE=''
AMTAR='${SHELL} /Users/davidrogers/Documents/Development/Ogre/iPhoneDependencies/zziplib/uses/missing --run tar'
AR='ar'
AS='as'
AUTOCONF='sleep 9 ; true || autoconf || skipped'
AUTOHEADER='sleep 9 ; true || autoheader || skipped'
AUTOMAKE='sleep 9 ; true || automake || skipped'
AWK='awk'
CC='gcc'
CCDEPMODE='depmode=gcc3'
CFLAGS=' -O2 -D_USE_MMAP  -fomit-frame-pointer -Wall -Wpointer-arith -Wsign-compare -Wmissing-declarations -Wdeclaration-after-statement -Werror-implicit-function-declaration -Wstrict-aliasing -fno-writable-strings -Wwrite-strings -Wstrict-prototypes'
CONFIG_FILES=''
CPP='gcc -E'
CPPFLAGS=''
CYGPATH_W='echo'
DEFS='-DHAVE_CONFIG_H'
DEPDIR='.deps'
DLLTOOL='dlltool'
DSYMUTIL='dsymutil'
DUMPBIN=''
ECHO_C='\c'
ECHO_N=''
ECHO_T=''
EGREP='/usr/bin/grep -E'
EXEEXT=''
FGREP='/usr/bin/grep -F'
GNUTAR=''
GREP='/usr/bin/grep'
GTAR=''
INSTALL_DATA='${INSTALL} -m 644'
INSTALL_PROGRAM='${INSTALL}'
INSTALL_SCRIPT='${INSTALL}'
INSTALL_STRIP_PROGRAM='$(install_sh) -c -s'
LARGEFILE_CFLAGS=''
LD='/usr/libexec/gcc/i686-apple-darwin10/4.2.1/ld'
LDFLAGS=''
LIBOBJS=''
LIBS=''
LIBTOOL='$(SHELL) $(top_builddir)/libtool --silent'
LIPO='lipo'
LN_S='ln -s'
LTLIBOBJS=''
MAINT='#'
MAINTAINER_MODE_FALSE=''
MAINTAINER_MODE_TRUE='#'
MAKEINFO='${SHELL} /Users/davidrogers/Documents/Development/Ogre/iPhoneDependencies/zziplib/uses/missing --run makeinfo'
MKDIR_P='../uses/install-sh -c -d'
MKZIP='/usr/bin/zip'
NM='/usr/bin/nm'
NMEDIT='nmedit'
OBJDUMP='objdump'
OBJEXT='o'
OTOOL64=':'
OTOOL='otool'
PACKAGE='zziplib'
PACKAGE_BUGREPORT=''
PACKAGE_NAME='zziplib'
PACKAGE_STRING=''
PACKAGE_TARNAME=''
PACKAGE_VERSION='0.13.59'
PATH_SEPARATOR=':'
PAX='/bin/pax'
PAX_TAR_CREATE=''\''/bin/pax'\'' -w -O -f'
PAX_TAR_EXTRACT=''\''/bin/pax'\'' -r -O -f'
PERL='/usr/bin/perl'
PKG_CONFIG='no'
PYTHON='/usr/bin/python'
RANLIB='ranlib'
RELEASE_INFO='-release 0'
RESOLVES=' # '
SDL=''
SED='/usr/bin/sed'
SET_MAKE=''
SHELL='/bin/sh'
STRIP='strip'
TAR=''
THREAD_SAFE='-thread-safe'
VERSION='0.13.59'
VERSION_INFO='-version-info 13:59'
XMLTO=':'
ZIPTESTS=''
ZLIB_INCL=''
ZLIB_LDIR=''
ZLIB_VERSION='1.2.3'
ZZIPLIB_LDFLAGS='--export-dynamic'
ac_ct_CC='gcc'
ac_ct_DUMPBIN=''
aclocaldir='/usr/share/aclocal'
am__EXEEXT_FALSE=''
am__EXEEXT_TRUE='#'
am__fastdepCC_FALSE='#'
am__fastdepCC_TRUE=''
am__include='include'
am__isrc=' -I$(srcdir)'
am__leading_dot='.'
am__quote=''
am__tar='${AMTAR} chof - "$$tardir"'
am__untar='${AMTAR} xf -'
ax_enable_builddir_sed='sed'
bindir='${exec_prefix}/bin'
build='i386-apple-darwin10.4.0'
build_alias=''
build_cpu='i386'
build_os='darwin10.4.0'
build_vendor='apple'
datadir='${datarootdir}'
datarootdir='${prefix}/share'
docdir='${datadir}/doc'
dvidir='${docdir}'
exec_prefix='${prefix}'
host='i386-apple-darwin10.4.0'
host_alias=''
host_cpu='i386'
host_os='darwin10.4.0'
host_vendor='apple'
htmldir='${docdir}'
includedir='${prefix}/include'
infodir='${datarootdir}/info'
install_sh='${SHELL} /Users/davidrogers/Documents/Development/Ogre/iPhoneDependencies/zziplib/uses/install-sh'
libdir='${exec_prefix}/lib'
libexecdir='${exec_prefix}/libexec'
localedir='${datarootdir}/locale'
localstatedir='${prefix}/var'
lt_ECHO='/bin/echo'
mandir='${datarootdir}/man'
mkdir_p='$(top_builddir)/../uses/install-sh -c -d'
oldincludedir='/usr/include'
pdfdir='${docdir}'
pkgconfig_libdir='${libdir}/pkgconfig'
pkgconfig_libfile='zziplib.pc'
pkgconfigdir='/usr/lib/pkgconfig'
prefix='/usr/local'
program_transform_name='s,x,x,'
psdir='${docdir}'
sbindir='${exec_prefix}/sbin'
sharedstatedir='${sysconfdir}/default'
sysconfdir='${prefix}/etc'
target='i386-apple-darwin10.4.0'
target_alias=''
target_cpu='i386'
target_os='darwin10.4.0'
target_vendor='apple'

## ----------- ##
## confdefs.h. ##
## ----------- ##

#define PACKAGE_NAME ""
#define PACKAGE_TARNAME ""
#define PACKAGE_VERSION ""
#define PACKAGE_STRING ""
#define PACKAGE_BUGREPORT ""
#define PACKAGE "zziplib"
#define VERSION "0.13.59"
#define STDC_HEADERS 1
#define HAVE_SYS_TYPES_H 1
#define HAVE_SYS_STAT_H 1
#define HAVE_STDLIB_H 1
#define HAVE_STRING_H 1
#define HAVE_MEMORY_H 1
#define HAVE_STRINGS_H 1
#define HAVE_INTTYPES_H 1
#define HAVE_STDINT_H 1
#define HAVE_UNISTD_H 1
#define HAVE_DLFCN_H 1
#define LT_OBJDIR ".libs/"
#define restrict __restrict__
#define STDC_HEADERS 1
#define HAVE_DIRENT_H 1
#define HAVE_STDINT_H 1
#define HAVE_UNISTD_H 1
#define HAVE_SYS_TYPES_H 1
#define HAVE_SYS_MMAN_H 1
#define HAVE_SYS_STAT_H 1
#define HAVE_SYS_PARAM_H 1
#define HAVE_ZLIB_H 1
#define HAVE_FNMATCH_H 1
#define HAVE_STRCASECMP 1
#define off64_t _zzip_off_t
#define __int64 long long
#define SIZEOF_SHORT 2
#define SIZEOF_INT 4
#define SIZEOF_LONG 8

configure: exit 0

## ---------------- ##
## Cache variables. ##
## ---------------- ##

ac_cv_build=i386-apple-darwin10.4.0
ac_cv_env_CC_set=
ac_cv_env_CC_value=
ac_cv_env_CFLAGS_set=
ac_cv_env_CFLAGS_value=
ac_cv_env_CPPFLAGS_set=
ac_cv_env_CPPFLAGS_value=
ac_cv_env_CPP_set=
ac_cv_env_CPP_value=
ac_cv_env_LDFLAGS_set=
ac_cv_env_LDFLAGS_value=
ac_cv_env_LIBS_set=
ac_cv_env_LIBS_value=
ac_cv_env_build_alias_set=
ac_cv_env_build_alias_value=
ac_cv_env_host_alias_set=
ac_cv_env_host_alias_value=
ac_cv_env_target_alias_set=
ac_cv_env_target_alias_value=
ac_cv_host=i386-apple-darwin10.4.0
ac_cv_target=i386-apple-darwin10.4.0

## ----------------- ##
## Output variables. ##
## ----------------- ##

ACLOCAL=''
AMDEPBACKSLASH=''
AMDEP_FALSE=''
AMDEP_TRUE=''
AMTAR=''
AR=''
AS=''
AUTOCONF=''
AUTOHEADER=''
AUTOMAKE=''
AWK=''
CC=''
CCDEPMODE=''
CFLAGS=''
CONFIG_FILES=''
CPP=''
CPPFLAGS=''
CYGPATH_W=''
DEFS=''
DEPDIR=''
DLLTOOL=''
DSYMUTIL=''
DUMPBIN=''
ECHO_C='\c'
ECHO_N=''
ECHO_T=''
EGREP=''
EXEEXT=''
FGREP=''
GNUTAR=''
GREP=''
GTAR=''
INSTALL_DATA=''
INSTALL_PROGRAM=''
INSTALL_SCRIPT=''
INSTALL_STRIP_PROGRAM=''
LARGEFILE_CFLAGS=''
LD=''
LDFLAGS=''
LIBOBJS=''
LIBS=''
LIBTOOL=''
LIPO=''
LN_S=''
LTLIBOBJS=''
MAINT=''
MAINTAINER_MODE_FALSE=''
MAINTAINER_MODE_TRUE=''
MAKEINFO=''
MKDIR_P=''
MKZIP=''
NM=''
NMEDIT=''
OBJDUMP=''
OBJEXT=''
OTOOL64=''
OTOOL=''
PACKAGE=''
PACKAGE_BUGREPORT=''
PACKAGE_NAME=''
PACKAGE_STRING=''
PACKAGE_TARNAME=''
PACKAGE_VERSION=''
PATH_SEPARATOR=':'
PAX=''
PAX_TAR_CREATE=''
PAX_TAR_EXTRACT=''
PERL=''
PKG_CONFIG=''
PYTHON=''
RANLIB=''
RELEASE_INFO=''
RESOLVES=''
SDL=''
SED=''
SET_MAKE=''
SHELL='/bin/sh'
STRIP=''
TAR=''
THREAD_SAFE=''
VERSION=''
VERSION_INFO=''
XMLTO=''
ZIPTESTS=''
ZLIB_INCL=''
ZLIB_LDIR=''
ZLIB_VERSION=''
ZZIPLIB_LDFLAGS=''
ac_ct_CC=''
ac_ct_DUMPBIN=''
aclocaldir=''
am__EXEEXT_FALSE=''
am__EXEEXT_TRUE=''
am__fastdepCC_FALSE=''
am__fastdepCC_TRUE=''
am__include=''
am__isrc=''
am__leading_dot=''
am__quote=''
am__tar=''
am__untar=''
ax_enable_builddir_sed=''
bindir='${exec_prefix}/bin'
build='i386-apple-darwin10.4.0'
build_alias=''
build_cpu='i386'
build_os='darwin10.4.0'
build_vendor='apple'
datadir='${datarootdir}'
datarootdir='${prefix}/share'
docdir='${datarootdir}/doc/${PACKAGE}'
dvidir='${docdir}'
exec_prefix='NONE'
host='i386-apple-darwin10.4.0'
host_alias=''
host_cpu='i386'
host_os='darwin10.4.0'
host_vendor='apple'
htmldir='${docdir}'
includedir='${prefix}/include'
infodir='${datarootdir}/info'
install_sh=''
libdir='${exec_prefix}/lib'
libexecdir='${exec_prefix}/libexec'
localedir='${datarootdir}/locale'
localstatedir='${prefix}/var'
lt_ECHO='/bin/echo'
mandir='${datarootdir}/man'
mkdir_p=''
oldincludedir='/usr/include'
pdfdir='${docdir}'
pkgconfig_libdir=''
pkgconfig_libfile=''
pkgconfigdir=''
prefix='NONE'
program_transform_name='s,x,x,'
psdir='${docdir}'
sbindir='${exec_prefix}/sbin'
sharedstatedir='${prefix}/com'
sysconfdir='${prefix}/etc'
target='i386-apple-darwin10.4.0'
target_alias=''
target_cpu='i386'
target_os='darwin10.4.0'
target_vendor='apple'

configure: exit 0
